[32mdefault-[0;39m [31m2020-07-26 09:42:47[0;39m [32m[main][0;39m [34mINFO [0;39m [1;35m  at org.springframework.boot.StartupInfoLogger.logStarting(StartupInfoLogger.java:50)[0;39m- [1;30mStarting JeecgApplication on DESKTOP-7I21J53 with PID 1232 (C:\AllOfficialProject\school\jeecg-boot\jeecg-boot-module-system\target\classes started by whs in C:\AllOfficialProject\school\jeecg-boot)
[0;39m[32mdefault-[0;39m [31m2020-07-26 09:42:47[0;39m [32m[main][0;39m [34mINFO [0;39m [1;35m  at org.springframework.boot.SpringApplication.logStartupProfileInfo(SpringApplication.java:679)[0;39m- [1;30mThe following profiles are active: dev
[0;39m[32mdefault-[0;39m [31m2020-07-26 09:42:50[0;39m [32m[main][0;39m [34mINFO [0;39m [1;35m  at org.springframework.data.repository.config.RepositoryConfigurationDelegate.multipleStoresDetected(RepositoryConfigurationDelegate.java:244)[0;39m- [1;30mMultiple Spring Data modules found, entering strict repository configuration mode!
[0;39m[32mdefault-[0;39m [31m2020-07-26 09:42:50[0;39m [32m[main][0;39m [34mINFO [0;39m [1;35m  at org.springframework.data.repository.config.RepositoryConfigurationDelegate.registerRepositoriesIn(RepositoryConfigurationDelegate.java:126)[0;39m- [1;30mBootstrapping Spring Data repositories in DEFAULT mode.
[0;39m[32mdefault-[0;39m [31m2020-07-26 09:42:50[0;39m [32m[main][0;39m [34mINFO [0;39m [1;35m  at org.springframework.data.repository.config.RepositoryConfigurationDelegate.registerRepositoriesIn(RepositoryConfigurationDelegate.java:182)[0;39m- [1;30mFinished Spring Data repository scanning in 160ms. Found 0 repository interfaces.
[0;39m[32mdefault-[0;39m [31m2020-07-26 09:42:51[0;39m [32m[main][0;39m [34mINFO [0;39m [1;35m  at org.springframework.context.support.PostProcessorRegistrationDelegate$BeanPostProcessorChecker.postProcessAfterInitialization(PostProcessorRegistrationDelegate.java:330)[0;39m- [1;30mBean 'shiroConfig' of type [org.jeecg.config.ShiroConfig$$EnhancerBySpringCGLIB$$814ef727] is not eligible for getting processed by all BeanPostProcessors (for example: not eligible for auto-proxying)
[0;39m[32mdefault-[0;39m [31m2020-07-26 09:42:51[0;39m [32m[main][0;39m [34mINFO [0;39m [1;35m  at org.springframework.context.support.PostProcessorRegistrationDelegate$BeanPostProcessorChecker.postProcessAfterInitialization(PostProcessorRegistrationDelegate.java:330)[0;39m- [1;30mBean 'shiroRealm' of type [org.jeecg.modules.shiro.authc.ShiroRealm] is not eligible for getting processed by all BeanPostProcessors (for example: not eligible for auto-proxying)
[0;39m[32mdefault-[0;39m [31m2020-07-26 09:42:51[0;39m [32m[main][0;39m [34mINFO [0;39m [1;35m  at org.jeecg.config.ShiroConfig.redisCacheManager(ShiroConfig.java:200)[0;39m- [1;30m===============(1)创建缓存管理器RedisCacheManager
[0;39m[32mdefault-[0;39m [31m2020-07-26 09:42:51[0;39m [32m[main][0;39m [34mINFO [0;39m [1;35m  at org.jeecg.config.ShiroConfig.redisManager(ShiroConfig.java:218)[0;39m- [1;30m===============(2)创建RedisManager,连接Redis..URL= localhost:6379
[0;39m[32mdefault-[0;39m [31m2020-07-26 09:42:51[0;39m [32m[main][0;39m [34mINFO [0;39m [1;35m  at org.springframework.context.support.PostProcessorRegistrationDelegate$BeanPostProcessorChecker.postProcessAfterInitialization(PostProcessorRegistrationDelegate.java:330)[0;39m- [1;30mBean 'redisManager' of type [org.crazycake.shiro.RedisManager] is not eligible for getting processed by all BeanPostProcessors (for example: not eligible for auto-proxying)
[0;39m[32mdefault-[0;39m [31m2020-07-26 09:42:51[0;39m [32m[main][0;39m [34mINFO [0;39m [1;35m  at org.springframework.context.support.PostProcessorRegistrationDelegate$BeanPostProcessorChecker.postProcessAfterInitialization(PostProcessorRegistrationDelegate.java:330)[0;39m- [1;30mBean 'securityManager' of type [org.apache.shiro.web.mgt.DefaultWebSecurityManager] is not eligible for getting processed by all BeanPostProcessors (for example: not eligible for auto-proxying)
[0;39m[32mdefault-[0;39m [31m2020-07-26 09:42:51[0;39m [32m[main][0;39m [34mINFO [0;39m [1;35m  at org.springframework.context.support.PostProcessorRegistrationDelegate$BeanPostProcessorChecker.postProcessAfterInitialization(PostProcessorRegistrationDelegate.java:330)[0;39m- [1;30mBean 'authorizationAttributeSourceAdvisor' of type [org.apache.shiro.spring.security.interceptor.AuthorizationAttributeSourceAdvisor] is not eligible for getting processed by all BeanPostProcessors (for example: not eligible for auto-proxying)
[0;39m[32mdefault-[0;39m [31m2020-07-26 09:42:51[0;39m [32m[main][0;39m [34mINFO [0;39m [1;35m  at org.springframework.context.support.PostProcessorRegistrationDelegate$BeanPostProcessorChecker.postProcessAfterInitialization(PostProcessorRegistrationDelegate.java:330)[0;39m- [1;30mBean 'org.springframework.transaction.annotation.ProxyTransactionManagementConfiguration' of type [org.springframework.transaction.annotation.ProxyTransactionManagementConfiguration$$EnhancerBySpringCGLIB$$61498d91] is not eligible for getting processed by all BeanPostProcessors (for example: not eligible for auto-proxying)
[0;39m[32mdefault-[0;39m [31m2020-07-26 09:42:52[0;39m [32m[main][0;39m [34mINFO [0;39m [1;35m  at org.springframework.context.support.PostProcessorRegistrationDelegate$BeanPostProcessorChecker.postProcessAfterInitialization(PostProcessorRegistrationDelegate.java:330)[0;39m- [1;30mBean 'spring.datasource.dynamic-com.baomidou.dynamic.datasource.spring.boot.autoconfigure.DynamicDataSourceProperties' of type [com.baomidou.dynamic.datasource.spring.boot.autoconfigure.DynamicDataSourceProperties] is not eligible for getting processed by all BeanPostProcessors (for example: not eligible for auto-proxying)
[0;39m[32mdefault-[0;39m [31m2020-07-26 09:42:52[0;39m [32m[main][0;39m [34mINFO [0;39m [1;35m  at org.springframework.context.support.PostProcessorRegistrationDelegate$BeanPostProcessorChecker.postProcessAfterInitialization(PostProcessorRegistrationDelegate.java:330)[0;39m- [1;30mBean 'com.baomidou.dynamic.datasource.spring.boot.autoconfigure.DynamicDataSourceAutoConfiguration' of type [com.baomidou.dynamic.datasource.spring.boot.autoconfigure.DynamicDataSourceAutoConfiguration$$EnhancerBySpringCGLIB$$cad7fe62] is not eligible for getting processed by all BeanPostProcessors (for example: not eligible for auto-proxying)
[0;39m[32mdefault-[0;39m [31m2020-07-26 09:42:52[0;39m [32m[main][0;39m [34mINFO [0;39m [1;35m  at org.springframework.context.support.PostProcessorRegistrationDelegate$BeanPostProcessorChecker.postProcessAfterInitialization(PostProcessorRegistrationDelegate.java:330)[0;39m- [1;30mBean 'dsProcessor' of type [com.baomidou.dynamic.datasource.processor.DsHeaderProcessor] is not eligible for getting processed by all BeanPostProcessors (for example: not eligible for auto-proxying)
[0;39m[32mdefault-[0;39m [31m2020-07-26 09:42:52[0;39m [32m[main][0;39m [34mINFO [0;39m [1;35m  at org.springframework.context.support.PostProcessorRegistrationDelegate$BeanPostProcessorChecker.postProcessAfterInitialization(PostProcessorRegistrationDelegate.java:330)[0;39m- [1;30mBean 'dynamicDatasourceAnnotationAdvisor' of type [com.baomidou.dynamic.datasource.aop.DynamicDataSourceAnnotationAdvisor] is not eligible for getting processed by all BeanPostProcessors (for example: not eligible for auto-proxying)
[0;39m[32mdefault-[0;39m [31m2020-07-26 09:42:52[0;39m [32m[main][0;39m [34mINFO [0;39m [1;35m  at org.springframework.context.support.PostProcessorRegistrationDelegate$BeanPostProcessorChecker.postProcessAfterInitialization(PostProcessorRegistrationDelegate.java:330)[0;39m- [1;30mBean 'spring.redis-org.springframework.boot.autoconfigure.data.redis.RedisProperties' of type [org.springframework.boot.autoconfigure.data.redis.RedisProperties] is not eligible for getting processed by all BeanPostProcessors (for example: not eligible for auto-proxying)
[0;39m[32mdefault-[0;39m [31m2020-07-26 09:42:52[0;39m [32m[main][0;39m [34mINFO [0;39m [1;35m  at org.springframework.context.support.PostProcessorRegistrationDelegate$BeanPostProcessorChecker.postProcessAfterInitialization(PostProcessorRegistrationDelegate.java:330)[0;39m- [1;30mBean 'org.springframework.boot.autoconfigure.data.redis.LettuceConnectionConfiguration' of type [org.springframework.boot.autoconfigure.data.redis.LettuceConnectionConfiguration$$EnhancerBySpringCGLIB$$76634bdb] is not eligible for getting processed by all BeanPostProcessors (for example: not eligible for auto-proxying)
[0;39m[32mdefault-[0;39m [31m2020-07-26 09:42:52[0;39m [32m[main][0;39m [34mINFO [0;39m [1;35m  at org.springframework.context.support.PostProcessorRegistrationDelegate$BeanPostProcessorChecker.postProcessAfterInitialization(PostProcessorRegistrationDelegate.java:330)[0;39m- [1;30mBean 'lettuceClientResources' of type [io.lettuce.core.resource.DefaultClientResources] is not eligible for getting processed by all BeanPostProcessors (for example: not eligible for auto-proxying)
[0;39m[32mdefault-[0;39m [31m2020-07-26 09:42:52[0;39m [32m[main][0;39m [34mINFO [0;39m [1;35m  at org.springframework.context.support.PostProcessorRegistrationDelegate$BeanPostProcessorChecker.postProcessAfterInitialization(PostProcessorRegistrationDelegate.java:330)[0;39m- [1;30mBean 'redisConnectionFactory' of type [org.springframework.data.redis.connection.lettuce.LettuceConnectionFactory] is not eligible for getting processed by all BeanPostProcessors (for example: not eligible for auto-proxying)
[0;39m[32mdefault-[0;39m [31m2020-07-26 09:42:52[0;39m [32m[main][0;39m [34mINFO [0;39m [1;35m  at org.springframework.context.support.PostProcessorRegistrationDelegate$BeanPostProcessorChecker.postProcessAfterInitialization(PostProcessorRegistrationDelegate.java:330)[0;39m- [1;30mBean 'redisConfig' of type [org.jeecg.config.RedisConfig$$EnhancerBySpringCGLIB$$cc1d7e71] is not eligible for getting processed by all BeanPostProcessors (for example: not eligible for auto-proxying)
[0;39m[32mdefault-[0;39m [31m2020-07-26 09:42:52[0;39m [32m[main][0;39m [34mINFO [0;39m [1;35m  at org.springframework.context.support.PostProcessorRegistrationDelegate$BeanPostProcessorChecker.postProcessAfterInitialization(PostProcessorRegistrationDelegate.java:330)[0;39m- [1;30mBean 'org.apache.shiro.spring.boot.autoconfigure.ShiroBeanAutoConfiguration' of type [org.apache.shiro.spring.boot.autoconfigure.ShiroBeanAutoConfiguration$$EnhancerBySpringCGLIB$$74626b41] is not eligible for getting processed by all BeanPostProcessors (for example: not eligible for auto-proxying)
[0;39m[32mdefault-[0;39m [31m2020-07-26 09:42:52[0;39m [32m[main][0;39m [34mINFO [0;39m [1;35m  at org.springframework.context.support.PostProcessorRegistrationDelegate$BeanPostProcessorChecker.postProcessAfterInitialization(PostProcessorRegistrationDelegate.java:330)[0;39m- [1;30mBean 'eventBus' of type [org.apache.shiro.event.support.DefaultEventBus] is not eligible for getting processed by all BeanPostProcessors (for example: not eligible for auto-proxying)
[0;39m[32mdefault-[0;39m [31m2020-07-26 09:42:53[0;39m [32m[main][0;39m [34mINFO [0;39m [1;35m  at org.springframework.boot.web.embedded.tomcat.TomcatWebServer.initialize(TomcatWebServer.java:90)[0;39m- [1;30mTomcat initialized with port(s): 8080 (http)
[0;39m[32mdefault-[0;39m [31m2020-07-26 09:42:53[0;39m [32m[main][0;39m [34mINFO [0;39m [1;35m  at org.apache.juli.logging.DirectJDKLog.log(DirectJDKLog.java:173)[0;39m- [1;30mInitializing ProtocolHandler ["http-nio-8080"]
[0;39m[32mdefault-[0;39m [31m2020-07-26 09:42:53[0;39m [32m[main][0;39m [34mINFO [0;39m [1;35m  at org.apache.juli.logging.DirectJDKLog.log(DirectJDKLog.java:173)[0;39m- [1;30mStarting service [Tomcat]
[0;39m[32mdefault-[0;39m [31m2020-07-26 09:42:53[0;39m [32m[main][0;39m [34mINFO [0;39m [1;35m  at org.apache.juli.logging.DirectJDKLog.log(DirectJDKLog.java:173)[0;39m- [1;30mStarting Servlet engine: [Apache Tomcat/9.0.16]
[0;39m[32mdefault-[0;39m [31m2020-07-26 09:42:53[0;39m [32m[main][0;39m [34mINFO [0;39m [1;35m  at org.apache.juli.logging.DirectJDKLog.log(DirectJDKLog.java:173)[0;39m- [1;30mLoaded APR based Apache Tomcat Native library [1.2.23] using APR version [1.7.0].
[0;39m[32mdefault-[0;39m [31m2020-07-26 09:42:53[0;39m [32m[main][0;39m [34mINFO [0;39m [1;35m  at org.apache.juli.logging.DirectJDKLog.log(DirectJDKLog.java:173)[0;39m- [1;30mAPR capabilities: IPv6 [true], sendfile [true], accept filters [false], random [true].
[0;39m[32mdefault-[0;39m [31m2020-07-26 09:42:53[0;39m [32m[main][0;39m [34mINFO [0;39m [1;35m  at org.apache.juli.logging.DirectJDKLog.log(DirectJDKLog.java:173)[0;39m- [1;30mAPR/OpenSSL configuration: useAprConnector [false], useOpenSSL [true]
[0;39m[32mdefault-[0;39m [31m2020-07-26 09:42:53[0;39m [32m[main][0;39m [34mINFO [0;39m [1;35m  at org.apache.juli.logging.DirectJDKLog.log(DirectJDKLog.java:173)[0;39m- [1;30mOpenSSL successfully initialized [OpenSSL 1.1.1c  28 May 2019]
[0;39m[32mdefault-[0;39m [31m2020-07-26 09:42:53[0;39m [32m[main][0;39m [34mINFO [0;39m [1;35m  at org.apache.juli.logging.DirectJDKLog.log(DirectJDKLog.java:173)[0;39m- [1;30mInitializing Spring embedded WebApplicationContext
[0;39m[32mdefault-[0;39m [31m2020-07-26 09:42:53[0;39m [32m[main][0;39m [34mINFO [0;39m [1;35m  at org.springframework.boot.web.servlet.context.ServletWebServerApplicationContext.prepareWebApplicationContext(ServletWebServerApplicationContext.java:296)[0;39m- [1;30mRoot WebApplicationContext: initialization completed in 5487 ms
[0;39m[32mdefault-[0;39m [31m2020-07-26 09:42:53[0;39m [32m[main][0;39m [34mINFO [0;39m [1;35m  at com.baomidou.dynamic.datasource.DynamicDataSourceCreator.<init>(DynamicDataSourceCreator.java:113)[0;39m- [1;30m动态数据源-检测到druid存在,如配置中未指定type,druid会默认配置
[0;39m[32mdefault-[0;39m [31m2020-07-26 09:42:54[0;39m [32m[main][0;39m [34mINFO [0;39m [1;35m  at com.alibaba.druid.pool.DruidDataSource.init(DruidDataSource.java:1003)[0;39m- [1;30m{dataSource-1,master} inited
[0;39m[32mdefault-[0;39m [31m2020-07-26 09:42:54[0;39m [32m[main][0;39m [34mINFO [0;39m [1;35m  at com.baomidou.dynamic.datasource.DynamicRoutingDataSource.afterPropertiesSet(DynamicRoutingDataSource.java:203)[0;39m- [1;30m初始共加载 1 个数据源
[0;39m[32mdefault-[0;39m [31m2020-07-26 09:42:54[0;39m [32m[main][0;39m [34mINFO [0;39m [1;35m  at com.baomidou.dynamic.datasource.DynamicRoutingDataSource.addDataSource(DynamicRoutingDataSource.java:142)[0;39m- [1;30m动态数据源-加载 master 成功
[0;39m[32mdefault-[0;39m [31m2020-07-26 09:42:54[0;39m [32m[main][0;39m [34mINFO [0;39m [1;35m  at com.baomidou.dynamic.datasource.DynamicRoutingDataSource.afterPropertiesSet(DynamicRoutingDataSource.java:212)[0;39m- [1;30m当前的默认数据源是单数据源，数据源名为 master
[0;39m[32mdefault-[0;39m [31m2020-07-26 09:42:54[0;39m [32m[main][0;39m [34mINFO [0;39m [1;35m  at org.hibernate.jpa.internal.util.LogHelper.logPersistenceUnitInformation(LogHelper.java:31)[0;39m- [1;30mHHH000204: Processing PersistenceUnitInfo [
	name: default
	...]
[0;39m[32mdefault-[0;39m [31m2020-07-26 09:42:54[0;39m [32m[main][0;39m [34mINFO [0;39m [1;35m  at org.hibernate.Version.logVersion(Version.java:46)[0;39m- [1;30mHHH000412: Hibernate Core {5.3.7.Final}
[0;39m[32mdefault-[0;39m [31m2020-07-26 09:42:54[0;39m [32m[main][0;39m [34mINFO [0;39m [1;35m  at org.hibernate.cfg.Environment.<clinit>(Environment.java:213)[0;39m- [1;30mHHH000206: hibernate.properties not found
[0;39m[32mdefault-[0;39m [31m2020-07-26 09:42:54[0;39m [32m[main][0;39m [34mINFO [0;39m [1;35m  at org.hibernate.annotations.common.reflection.java.JavaReflectionManager.<clinit>(JavaReflectionManager.java:49)[0;39m- [1;30mHCANN000001: Hibernate Commons Annotations {5.0.4.Final}
[0;39m[32mdefault-[0;39m [31m2020-07-26 09:42:55[0;39m [32m[main][0;39m [34mINFO [0;39m [1;35m  at org.hibernate.dialect.Dialect.<init>(Dialect.java:157)[0;39m- [1;30mHHH000400: Using dialect: org.hibernate.dialect.MySQL5Dialect
[0;39m[32mdefault-[0;39m [31m2020-07-26 09:42:55[0;39m [32m[main][0;39m [34mINFO [0;39m [1;35m  at org.springframework.orm.jpa.AbstractEntityManagerFactoryBean.buildNativeEntityManagerFactory(AbstractEntityManagerFactoryBean.java:415)[0;39m- [1;30mInitialized JPA EntityManagerFactory for persistence unit 'default'
[0;39m[32mdefault-[0;39m [31m2020-07-26 09:42:56[0;39m [32m[main][0;39m [34mINFO [0;39m [1;35m  at org.flowable.spring.boot.AbstractEngineAutoConfiguration.discoverDeploymentResources(AbstractEngineAutoConfiguration.java:104)[0;39m- [1;30mNo deployment resources were found for autodeployment
[0;39m[32mdefault-[0;39m [31m2020-07-26 09:42:56[0;39m [32m[main][0;39m [34mINFO [0;39m [1;35m  at org.springframework.scheduling.concurrent.ExecutorConfigurationSupport.initialize(ExecutorConfigurationSupport.java:171)[0;39m- [1;30mInitializing ExecutorService 'applicationTaskExecutor'
[0;39m[32mdefault-[0;39m [31m2020-07-26 09:42:57[0;39m [32m[main][0;39m [34mINFO [0;39m [1;35m  at org.flowable.common.engine.impl.AbstractEngineConfiguration.initConfigurators(AbstractEngineConfiguration.java:970)[0;39m- [1;30mFound 2 Engine Configurators in total:
[0;39m[32mdefault-[0;39m [31m2020-07-26 09:42:57[0;39m [32m[main][0;39m [34mINFO [0;39m [1;35m  at org.flowable.common.engine.impl.AbstractEngineConfiguration.initConfigurators(AbstractEngineConfiguration.java:972)[0;39m- [1;30mclass org.flowable.eventregistry.spring.configurator.SpringEventRegistryConfigurator (priority:100000)
[0;39m[32mdefault-[0;39m [31m2020-07-26 09:42:57[0;39m [32m[main][0;39m [34mINFO [0;39m [1;35m  at org.flowable.common.engine.impl.AbstractEngineConfiguration.initConfigurators(AbstractEngineConfiguration.java:972)[0;39m- [1;30mclass org.flowable.idm.engine.configurator.IdmEngineConfigurator (priority:150000)
[0;39m[32mdefault-[0;39m [31m2020-07-26 09:42:57[0;39m [32m[main][0;39m [34mINFO [0;39m [1;35m  at org.flowable.common.engine.impl.AbstractEngineConfiguration.configuratorsBeforeInit(AbstractEngineConfiguration.java:998)[0;39m- [1;30mExecuting beforeInit() of class org.flowable.eventregistry.spring.configurator.SpringEventRegistryConfigurator (priority:100000)
[0;39m[32mdefault-[0;39m [31m2020-07-26 09:42:57[0;39m [32m[main][0;39m [34mINFO [0;39m [1;35m  at org.flowable.common.engine.impl.AbstractEngineConfiguration.configuratorsBeforeInit(AbstractEngineConfiguration.java:998)[0;39m- [1;30mExecuting beforeInit() of class org.flowable.idm.engine.configurator.IdmEngineConfigurator (priority:150000)
[0;39m[32mdefault-[0;39m [31m2020-07-26 09:42:58[0;39m [32m[main][0;39m [34mINFO [0;39m [1;35m  at org.flowable.common.engine.impl.AbstractEngineConfiguration.configuratorsAfterInit(AbstractEngineConfiguration.java:1005)[0;39m- [1;30mExecuting configure() of class org.flowable.eventregistry.spring.configurator.SpringEventRegistryConfigurator (priority:100000)
[0;39m[32mdefault-[0;39m [31m2020-07-26 09:42:59[0;39m [32m[main][0;39m [34mINFO [0;39m [1;35m  at liquibase.logging.core.Slf4jLogger.info(Slf4jLogger.java:42)[0;39m- [1;30mSELECT COUNT(*) FROM edusport.FLW_EV_DATABASECHANGELOGLOCK
[0;39m[32mdefault-[0;39m [31m2020-07-26 09:42:59[0;39m [32m[main][0;39m [34mINFO [0;39m [1;35m  at liquibase.logging.core.Slf4jLogger.info(Slf4jLogger.java:42)[0;39m- [1;30mSELECT COUNT(*) FROM edusport.FLW_EV_DATABASECHANGELOGLOCK
[0;39m[32mdefault-[0;39m [31m2020-07-26 09:42:59[0;39m [32m[main][0;39m [34mINFO [0;39m [1;35m  at liquibase.logging.core.Slf4jLogger.info(Slf4jLogger.java:42)[0;39m- [1;30mSELECT `LOCKED` FROM edusport.FLW_EV_DATABASECHANGELOGLOCK WHERE ID=1
[0;39m[32mdefault-[0;39m [31m2020-07-26 09:42:59[0;39m [32m[main][0;39m [34mINFO [0;39m [1;35m  at liquibase.logging.core.Slf4jLogger.info(Slf4jLogger.java:42)[0;39m- [1;30mSuccessfully acquired change log lock
[0;39m[32mdefault-[0;39m [31m2020-07-26 09:43:00[0;39m [32m[main][0;39m [34mINFO [0;39m [1;35m  at liquibase.logging.core.Slf4jLogger.info(Slf4jLogger.java:42)[0;39m- [1;30mSELECT MD5SUM FROM edusport.FLW_EV_DATABASECHANGELOG WHERE MD5SUM IS NOT NULL LIMIT 1
[0;39m[32mdefault-[0;39m [31m2020-07-26 09:43:00[0;39m [32m[main][0;39m [34mINFO [0;39m [1;35m  at liquibase.logging.core.Slf4jLogger.info(Slf4jLogger.java:42)[0;39m- [1;30mSELECT COUNT(*) FROM edusport.FLW_EV_DATABASECHANGELOG
[0;39m[32mdefault-[0;39m [31m2020-07-26 09:43:00[0;39m [32m[main][0;39m [34mINFO [0;39m [1;35m  at liquibase.logging.core.Slf4jLogger.info(Slf4jLogger.java:42)[0;39m- [1;30mReading from edusport.FLW_EV_DATABASECHANGELOG
[0;39m[32mdefault-[0;39m [31m2020-07-26 09:43:00[0;39m [32m[main][0;39m [34mINFO [0;39m [1;35m  at liquibase.logging.core.Slf4jLogger.info(Slf4jLogger.java:42)[0;39m- [1;30mSELECT * FROM edusport.FLW_EV_DATABASECHANGELOG ORDER BY DATEEXECUTED ASC, ORDEREXECUTED ASC
[0;39m[32mdefault-[0;39m [31m2020-07-26 09:43:00[0;39m [32m[main][0;39m [34mINFO [0;39m [1;35m  at liquibase.logging.core.Slf4jLogger.info(Slf4jLogger.java:42)[0;39m- [1;30mSuccessfully released change log lock
[0;39m[32mdefault-[0;39m [31m2020-07-26 09:43:00[0;39m [32m[main][0;39m [34mINFO [0;39m [1;35m  at org.flowable.eventregistry.impl.EventRegistryEngineImpl.<init>(EventRegistryEngineImpl.java:53)[0;39m- [1;30mEventRegistryEngine default created
[0;39m[32mdefault-[0;39m [31m2020-07-26 09:43:00[0;39m [32m[main][0;39m [34mINFO [0;39m [1;35m  at org.flowable.common.engine.impl.AbstractEngineConfiguration.configuratorsAfterInit(AbstractEngineConfiguration.java:1005)[0;39m- [1;30mExecuting configure() of class org.flowable.idm.engine.configurator.IdmEngineConfigurator (priority:150000)
[0;39m[32mdefault-[0;39m [31m2020-07-26 09:43:00[0;39m [32m[main][0;39m [34mINFO [0;39m [1;35m  at org.flowable.idm.engine.impl.IdmEngineImpl.<init>(IdmEngineImpl.java:52)[0;39m- [1;30mIdmEngine default created
[0;39m[32mdefault-[0;39m [31m2020-07-26 09:43:00[0;39m [32m[main][0;39m [34mINFO [0;39m [1;35m  at org.flowable.engine.impl.ProcessEngineImpl.<init>(ProcessEngineImpl.java:88)[0;39m- [1;30mProcessEngine default created
[0;39m[32mdefault-[0;39m [31m2020-07-26 09:43:00[0;39m [32m[main][0;39m [34mINFO [0;39m [1;35m  at org.flowable.engine.impl.cmd.ValidateV5EntitiesCmd.execute(ValidateV5EntitiesCmd.java:43)[0;39m- [1;30mTotal of v5 deployments found: 0
[0;39m[32mdefault-[0;39m [31m2020-07-26 09:43:06[0;39m [32m[main][0;39m [31mWARN [0;39m [1;35m  at com.baomidou.mybatisplus.core.metadata.TableInfoHelper.initTableFields(TableInfoHelper.java:285)[0;39m- [1;30mWarn: Could not find @TableId in Class: org.jeecg.modules.edusport.entity.GraphReport.
[0;39m[32mdefault-[0;39m [31m2020-07-26 09:43:08[0;39m [32m[main][0;39m [34mINFO [0;39m [1;35m  at org.quartz.impl.StdSchedulerFactory.instantiate(StdSchedulerFactory.java:1208)[0;39m- [1;30mUsing default implementation for ThreadExecutor
[0;39m[32mdefault-[0;39m [31m2020-07-26 09:43:08[0;39m [32m[main][0;39m [34mINFO [0;39m [1;35m  at org.quartz.core.SchedulerSignalerImpl.<init>(SchedulerSignalerImpl.java:61)[0;39m- [1;30mInitialized Scheduler Signaller of type: class org.quartz.core.SchedulerSignalerImpl
[0;39m[32mdefault-[0;39m [31m2020-07-26 09:43:08[0;39m [32m[main][0;39m [34mINFO [0;39m [1;35m  at org.quartz.core.QuartzScheduler.<init>(QuartzScheduler.java:229)[0;39m- [1;30mQuartz Scheduler v.2.3.0 created.
[0;39m[32mdefault-[0;39m [31m2020-07-26 09:43:08[0;39m [32m[main][0;39m [34mINFO [0;39m [1;35m  at org.quartz.impl.jdbcjobstore.JobStoreSupport.initialize(JobStoreSupport.java:672)[0;39m- [1;30mUsing db table-based data access locking (synchronization).
[0;39m[32mdefault-[0;39m [31m2020-07-26 09:43:08[0;39m [32m[main][0;39m [34mINFO [0;39m [1;35m  at org.quartz.impl.jdbcjobstore.JobStoreCMT.initialize(JobStoreCMT.java:145)[0;39m- [1;30mJobStoreCMT initialized.
[0;39m[32mdefault-[0;39m [31m2020-07-26 09:43:08[0;39m [32m[main][0;39m [34mINFO [0;39m [1;35m  at org.quartz.core.QuartzScheduler.initialize(QuartzScheduler.java:294)[0;39m- [1;30mScheduler meta-data: Quartz Scheduler (v2.3.0) 'quartzScheduler' with instanceId 'NON_CLUSTERED'
  Scheduler class: 'org.quartz.core.QuartzScheduler' - running locally.
  NOT STARTED.
  Currently in standby mode.
  Number of jobs executed: 0
  Using thread pool 'org.quartz.simpl.SimpleThreadPool' - with 10 threads.
  Using job-store 'org.springframework.scheduling.quartz.LocalDataSourceJobStore' - which supports persistence. and is not clustered.

[0;39m[32mdefault-[0;39m [31m2020-07-26 09:43:08[0;39m [32m[main][0;39m [34mINFO [0;39m [1;35m  at org.quartz.impl.StdSchedulerFactory.instantiate(StdSchedulerFactory.java:1362)[0;39m- [1;30mQuartz scheduler 'quartzScheduler' initialized from an externally provided properties instance.
[0;39m[32mdefault-[0;39m [31m2020-07-26 09:43:08[0;39m [32m[main][0;39m [34mINFO [0;39m [1;35m  at org.quartz.impl.StdSchedulerFactory.instantiate(StdSchedulerFactory.java:1366)[0;39m- [1;30mQuartz scheduler version: 2.3.0
[0;39m[32mdefault-[0;39m [31m2020-07-26 09:43:08[0;39m [32m[main][0;39m [34mINFO [0;39m [1;35m  at org.quartz.core.QuartzScheduler.setJobFactory(QuartzScheduler.java:2287)[0;39m- [1;30mJobFactory set to: org.springframework.scheduling.quartz.SpringBeanJobFactory@6f3cf9ac
[0;39m[32mdefault-[0;39m [31m2020-07-26 09:43:10[0;39m [32m[main][0;39m [31mWARN [0;39m [1;35m  at org.springframework.boot.autoconfigure.orm.jpa.JpaBaseConfiguration$JpaWebConfiguration$JpaWebMvcConfiguration.openEntityManagerInViewInterceptor(JpaBaseConfiguration.java:236)[0;39m- [1;30mspring.jpa.open-in-view is enabled by default. Therefore, database queries may be performed during view rendering. Explicitly configure spring.jpa.open-in-view to disable this warning
[0;39m[32mdefault-[0;39m [31m2020-07-26 09:43:10[0;39m [32m[main][0;39m [34mINFO [0;39m [1;35m  at org.springframework.boot.actuate.endpoint.web.EndpointLinksResolver.<init>(EndpointLinksResolver.java:59)[0;39m- [1;30mExposing 2 endpoint(s) beneath base path '/actuator'
[0;39m[32mdefault-[0;39m [31m2020-07-26 09:43:10[0;39m [32m[main][0;39m [34mINFO [0;39m [1;35m  at springfox.documentation.spring.web.PropertySourcedRequestMappingHandlerMapping.initHandlerMethods(PropertySourcedRequestMappingHandlerMapping.java:69)[0;39m- [1;30mMapped URL path [/v2/api-docs] onto method [public org.springframework.http.ResponseEntity<springfox.documentation.spring.web.json.Json> springfox.documentation.swagger2.web.Swagger2Controller.getDocumentation(java.lang.String,javax.servlet.http.HttpServletRequest)]
[0;39m[32mdefault-[0;39m [31m2020-07-26 09:43:12[0;39m [32m[main][0;39m [34mINFO [0;39m [1;35m  at org.springframework.scheduling.concurrent.ExecutorConfigurationSupport.initialize(ExecutorConfigurationSupport.java:171)[0;39m- [1;30mInitializing ExecutorService
[0;39m[32mdefault-[0;39m [31m2020-07-26 09:43:13[0;39m [32m[main][0;39m [34mINFO [0;39m [1;35m  at springfox.documentation.spring.web.plugins.DocumentationPluginsBootstrapper.start(DocumentationPluginsBootstrapper.java:160)[0;39m- [1;30mContext refreshed
[0;39m[32mdefault-[0;39m [31m2020-07-26 09:43:13[0;39m [32m[main][0;39m [34mINFO [0;39m [1;35m  at springfox.documentation.spring.web.plugins.DocumentationPluginsBootstrapper.start(DocumentationPluginsBootstrapper.java:163)[0;39m- [1;30mFound 1 custom documentation plugin(s)
[0;39m[32mdefault-[0;39m [31m2020-07-26 09:43:14[0;39m [32m[main][0;39m [34mINFO [0;39m [1;35m  at springfox.documentation.spring.web.scanners.ApiListingReferenceScanner.scan(ApiListingReferenceScanner.java:41)[0;39m- [1;30mScanning for api listing references
[0;39m[32mdefault-[0;39m [31m2020-07-26 09:43:14[0;39m [32m[main][0;39m [34mINFO [0;39m [1;35m  at springfox.documentation.spring.web.readers.operation.CachingOperationNameGenerator.startingWith(CachingOperationNameGenerator.java:40)[0;39m- [1;30mGenerating unique operation named: addUsingPOST_1
[0;39m[32mdefault-[0;39m [31m2020-07-26 09:43:14[0;39m [32m[main][0;39m [34mINFO [0;39m [1;35m  at springfox.documentation.spring.web.readers.operation.CachingOperationNameGenerator.startingWith(CachingOperationNameGenerator.java:40)[0;39m- [1;30mGenerating unique operation named: deleteUsingDELETE_1
[0;39m[32mdefault-[0;39m [31m2020-07-26 09:43:14[0;39m [32m[main][0;39m [34mINFO [0;39m [1;35m  at springfox.documentation.spring.web.readers.operation.CachingOperationNameGenerator.startingWith(CachingOperationNameGenerator.java:40)[0;39m- [1;30mGenerating unique operation named: deleteBatchUsingDELETE_1
[0;39m[32mdefault-[0;39m [31m2020-07-26 09:43:14[0;39m [32m[main][0;39m [34mINFO [0;39m [1;35m  at springfox.documentation.spring.web.readers.operation.CachingOperationNameGenerator.startingWith(CachingOperationNameGenerator.java:40)[0;39m- [1;30mGenerating unique operation named: editUsingPUT_1
[0;39m[32mdefault-[0;39m [31m2020-07-26 09:43:14[0;39m [32m[main][0;39m [34mINFO [0;39m [1;35m  at springfox.documentation.spring.web.readers.operation.CachingOperationNameGenerator.startingWith(CachingOperationNameGenerator.java:40)[0;39m- [1;30mGenerating unique operation named: queryByIdUsingGET_1
[0;39m[32mdefault-[0;39m [31m2020-07-26 09:43:14[0;39m [32m[main][0;39m [34mINFO [0;39m [1;35m  at org.springframework.scheduling.quartz.SchedulerFactoryBean.startScheduler(SchedulerFactoryBean.java:726)[0;39m- [1;30mStarting Quartz Scheduler now
[0;39m[32mdefault-[0;39m [31m2020-07-26 09:43:14[0;39m [32m[main][0;39m [34mINFO [0;39m [1;35m  at org.quartz.impl.jdbcjobstore.JobStoreSupport.recoverJobs(JobStoreSupport.java:866)[0;39m- [1;30mFreed 0 triggers from 'acquired' / 'blocked' state.
[0;39m[32mdefault-[0;39m [31m2020-07-26 09:43:14[0;39m [32m[main][0;39m [34mINFO [0;39m [1;35m  at org.quartz.impl.jdbcjobstore.JobStoreSupport.recoverJobs(JobStoreSupport.java:876)[0;39m- [1;30mRecovering 0 jobs that were in-progress at the time of the last shut-down.
[0;39m[32mdefault-[0;39m [31m2020-07-26 09:43:14[0;39m [32m[main][0;39m [34mINFO [0;39m [1;35m  at org.quartz.impl.jdbcjobstore.JobStoreSupport.recoverJobs(JobStoreSupport.java:889)[0;39m- [1;30mRecovery complete.
[0;39m[32mdefault-[0;39m [31m2020-07-26 09:43:14[0;39m [32m[main][0;39m [34mINFO [0;39m [1;35m  at org.quartz.impl.jdbcjobstore.JobStoreSupport.recoverJobs(JobStoreSupport.java:896)[0;39m- [1;30mRemoved 0 'complete' triggers.
[0;39m[32mdefault-[0;39m [31m2020-07-26 09:43:14[0;39m [32m[main][0;39m [34mINFO [0;39m [1;35m  at org.quartz.impl.jdbcjobstore.JobStoreSupport.recoverJobs(JobStoreSupport.java:901)[0;39m- [1;30mRemoved 0 stale fired job entries.
[0;39m[32mdefault-[0;39m [31m2020-07-26 09:43:14[0;39m [32m[main][0;39m [34mINFO [0;39m [1;35m  at org.quartz.core.QuartzScheduler.start(QuartzScheduler.java:547)[0;39m- [1;30mScheduler quartzScheduler_$_NON_CLUSTERED started.
[0;39m[32mdefault-[0;39m [31m2020-07-26 09:43:14[0;39m [32m[main][0;39m [34mINFO [0;39m [1;35m  at org.apache.juli.logging.DirectJDKLog.log(DirectJDKLog.java:173)[0;39m- [1;30mStarting ProtocolHandler ["http-nio-8080"]
[0;39m[32mdefault-[0;39m [31m2020-07-26 09:43:14[0;39m [32m[main][0;39m [34mINFO [0;39m [1;35m  at org.springframework.boot.web.embedded.tomcat.TomcatWebServer.start(TomcatWebServer.java:204)[0;39m- [1;30mTomcat started on port(s): 8080 (http) with context path '/edusport'
[0;39m[32mdefault-[0;39m [31m2020-07-26 09:43:14[0;39m [32m[main][0;39m [34mINFO [0;39m [1;35m  at org.springframework.boot.StartupInfoLogger.logStarted(StartupInfoLogger.java:59)[0;39m- [1;30mStarted JeecgApplication in 28.375 seconds (JVM running for 30.406)
[0;39m[32mdefault-[0;39m [31m2020-07-26 09:43:14[0;39m [32m[main][0;39m [34mINFO [0;39m [1;35m  at org.jeecg.JeecgApplication.main(JeecgApplication.java:35)[0;39m- [1;30m
----------------------------------------------------------
	Application Jeecg-Boot is running! Access URLs:
	Local: 		http://localhost:8080/edusport/
	External: 	http://192.168.11.106:8080/edusport/
	swagger-ui: 	http://192.168.11.106:8080/edusport/swagger-ui.html
	Doc: 		http://192.168.11.106:8080/edusport/doc.html
----------------------------------------------------------
[0;39m[32mdefault-[0;39m [31m2020-07-26 09:43:14[0;39m [32m[RMI TCP Connection(15)-192.168.11.106][0;39m [34mINFO [0;39m [1;35m  at org.apache.juli.logging.DirectJDKLog.log(DirectJDKLog.java:173)[0;39m- [1;30mInitializing Spring DispatcherServlet 'dispatcherServlet'
[0;39m[32mdefault-[0;39m [31m2020-07-26 09:43:14[0;39m [32m[RMI TCP Connection(15)-192.168.11.106][0;39m [34mINFO [0;39m [1;35m  at org.springframework.web.servlet.FrameworkServlet.initServletBean(FrameworkServlet.java:524)[0;39m- [1;30mInitializing Servlet 'dispatcherServlet'
[0;39m[32mdefault-[0;39m [31m2020-07-26 09:43:14[0;39m [32m[RMI TCP Connection(15)-192.168.11.106][0;39m [34mINFO [0;39m [1;35m  at org.springframework.web.servlet.FrameworkServlet.initServletBean(FrameworkServlet.java:546)[0;39m- [1;30mCompleted initialization in 20 ms
[0;39m[32mdefault-[0;39m [31m2020-07-26 09:43:15[0;39m [32m[RMI TCP Connection(17)-192.168.11.106][0;39m [34mINFO [0;39m [1;35m  at io.lettuce.core.EpollProvider.<clinit>(EpollProvider.java:68)[0;39m- [1;30mStarting without optional epoll library
[0;39m[32mdefault-[0;39m [31m2020-07-26 09:43:15[0;39m [32m[RMI TCP Connection(17)-192.168.11.106][0;39m [34mINFO [0;39m [1;35m  at io.lettuce.core.KqueueProvider.<clinit>(KqueueProvider.java:70)[0;39m- [1;30mStarting without optional kqueue library
[0;39m[32mdefault-[0;39m [31m2020-07-26 09:43:24[0;39m [32m[http-nio-8080-exec-1][0;39m [34mINFO [0;39m [1;35m  at org.jeecg.modules.system.controller.SysDictController.getDictItems(SysDictController.java:130)[0;39m- [1;30m dictCode : sex
[0;39m[32mdefault-[0;39m [31m2020-07-26 09:43:24[0;39m [32m[http-nio-8080-exec-2][0;39m [34mINFO [0;39m [1;35m  at org.jeecg.modules.system.controller.SysDictController.getDictItems(SysDictController.java:130)[0;39m- [1;30m dictCode : nation
[0;39m[32mdefault-[0;39m [31m2020-07-26 09:43:24[0;39m [32m[http-nio-8080-exec-2][0;39m [34mINFO [0;39m [1;35m  at org.jeecg.modules.system.service.impl.SysDictServiceImpl.queryDictItemsByCode(SysDictServiceImpl.java:51)[0;39m- [1;30m无缓存dictCache的时候调用这里！
[0;39m[32mdefault-[0;39m [31m2020-07-26 09:43:24[0;39m [32m[http-nio-8080-exec-1][0;39m [34mINFO [0;39m [1;35m  at org.jeecg.modules.system.service.impl.SysDictServiceImpl.queryDictItemsByCode(SysDictServiceImpl.java:51)[0;39m- [1;30m无缓存dictCache的时候调用这里！
[0;39m[32mdefault-[0;39m [31m2020-07-26 09:43:24[0;39m [32m[http-nio-8080-exec-2][0;39m [39mDEBUG[0;39m [1;35m  at org.apache.ibatis.logging.jdbc.BaseJdbcLogger.debug(BaseJdbcLogger.java:143)[0;39m- [1;30m==>  Preparing: select s.item_value as "value",s.item_text as "text" from sys_dict_item s where dict_id = (select id from sys_dict where dict_code = ?) order by s.sort_order asc 
[0;39m[32mdefault-[0;39m [31m2020-07-26 09:43:24[0;39m [32m[http-nio-8080-exec-1][0;39m [39mDEBUG[0;39m [1;35m  at org.apache.ibatis.logging.jdbc.BaseJdbcLogger.debug(BaseJdbcLogger.java:143)[0;39m- [1;30m==>  Preparing: select s.item_value as "value",s.item_text as "text" from sys_dict_item s where dict_id = (select id from sys_dict where dict_code = ?) order by s.sort_order asc 
[0;39m[32mdefault-[0;39m [31m2020-07-26 09:43:24[0;39m [32m[http-nio-8080-exec-2][0;39m [39mDEBUG[0;39m [1;35m  at org.apache.ibatis.logging.jdbc.BaseJdbcLogger.debug(BaseJdbcLogger.java:143)[0;39m- [1;30m==> Parameters: nation(String)
[0;39m[32mdefault-[0;39m [31m2020-07-26 09:43:24[0;39m [32m[http-nio-8080-exec-1][0;39m [39mDEBUG[0;39m [1;35m  at org.apache.ibatis.logging.jdbc.BaseJdbcLogger.debug(BaseJdbcLogger.java:143)[0;39m- [1;30m==> Parameters: sex(String)
[0;39m[32mdefault-[0;39m [31m2020-07-26 09:43:24[0;39m [32m[http-nio-8080-exec-1][0;39m [39mDEBUG[0;39m [1;35m  at org.apache.ibatis.logging.jdbc.BaseJdbcLogger.debug(BaseJdbcLogger.java:143)[0;39m- [1;30m<==      Total: 2
[0;39m[32mdefault-[0;39m [31m2020-07-26 09:43:24[0;39m [32m[http-nio-8080-exec-2][0;39m [39mDEBUG[0;39m [1;35m  at org.apache.ibatis.logging.jdbc.BaseJdbcLogger.debug(BaseJdbcLogger.java:143)[0;39m- [1;30m<==      Total: 11
[0;39m[32mdefault-[0;39m [31m2020-07-26 09:43:24[0;39m [32m[http-nio-8080-exec-1][0;39m [34mINFO [0;39m [1;35m  at org.jeecg.modules.system.controller.SysDictController.getDictItems(SysDictController.java:217)[0;39m- [1;30mResult(success=true, message=操作成功！, code=0, result=[DictModel(value=1, text=男), DictModel(value=2, text=女)], timestamp=1595727804483)
[0;39m[32mdefault-[0;39m [31m2020-07-26 09:43:24[0;39m [32m[http-nio-8080-exec-2][0;39m [34mINFO [0;39m [1;35m  at org.jeecg.modules.system.controller.SysDictController.getDictItems(SysDictController.java:217)[0;39m- [1;30mResult(success=true, message=操作成功！, code=0, result=[DictModel(value=01, text=汉族), DictModel(value=02, text=蒙古族), DictModel(value=03, text=回族), DictModel(value=04, text=藏族), DictModel(value=05, text=维吾尔族), DictModel(value=06, text=苗族), DictModel(value=07, text=彝族), DictModel(value=08, text=壮族), DictModel(value=09, text=布依族), DictModel(value=10, text=朝鲜族), DictModel(value=11, text=满族)], timestamp=1595727804483)
[0;39m[32mdefault-[0;39m [31m2020-07-26 09:43:29[0;39m [32m[http-nio-8080-exec-4][0;39m [39mDEBUG[0;39m [1;35m  at org.apache.ibatis.logging.jdbc.BaseJdbcLogger.debug(BaseJdbcLogger.java:143)[0;39m- [1;30m==>  Preparing: SELECT id,username,user_type,realname,password,salt,avatar,birthday,sex,email,phone,org_code,status,del_flag,work_no,post,telephone,create_by,create_time,update_by,update_time,activiti_sync FROM sys_user WHERE del_flag='0' 
[0;39m[32mdefault-[0;39m [31m2020-07-26 09:43:29[0;39m [32m[http-nio-8080-exec-4][0;39m [39mDEBUG[0;39m [1;35m  at org.apache.ibatis.logging.jdbc.BaseJdbcLogger.debug(BaseJdbcLogger.java:143)[0;39m- [1;30m==> Parameters: 
[0;39m[32mdefault-[0;39m [31m2020-07-26 09:43:29[0;39m [32m[http-nio-8080-exec-4][0;39m [39mDEBUG[0;39m [1;35m  at org.apache.ibatis.logging.jdbc.BaseJdbcLogger.debug(BaseJdbcLogger.java:143)[0;39m- [1;30m<==      Total: 6
[0;39m[32mdefault-[0;39m [31m2020-07-26 09:43:29[0;39m [32m[http-nio-8080-exec-10][0;39m [39mDEBUG[0;39m [1;35m  at org.apache.ibatis.logging.jdbc.BaseJdbcLogger.debug(BaseJdbcLogger.java:143)[0;39m- [1;30m==>  Preparing: SELECT id,username,user_type,realname,password,salt,avatar,birthday,sex,email,phone,org_code,status,del_flag,work_no,post,telephone,create_by,create_time,update_by,update_time,activiti_sync FROM sys_user WHERE del_flag='0' 
[0;39m[32mdefault-[0;39m [31m2020-07-26 09:43:29[0;39m [32m[http-nio-8080-exec-10][0;39m [39mDEBUG[0;39m [1;35m  at org.apache.ibatis.logging.jdbc.BaseJdbcLogger.debug(BaseJdbcLogger.java:143)[0;39m- [1;30m==> Parameters: 
[0;39m[32mdefault-[0;39m [31m2020-07-26 09:43:29[0;39m [32m[http-nio-8080-exec-10][0;39m [39mDEBUG[0;39m [1;35m  at org.apache.ibatis.logging.jdbc.BaseJdbcLogger.debug(BaseJdbcLogger.java:143)[0;39m- [1;30m<==      Total: 6
[0;39m[32mdefault-[0;39m [31m2020-07-26 09:43:30[0;39m [32m[http-nio-8080-exec-6][0;39m [39mDEBUG[0;39m [1;35m  at org.apache.ibatis.logging.jdbc.BaseJdbcLogger.debug(BaseJdbcLogger.java:143)[0;39m- [1;30m==>  Preparing: SELECT id,username,user_type,realname,password,salt,avatar,birthday,sex,email,phone,org_code,status,del_flag,work_no,post,telephone,create_by,create_time,update_by,update_time,activiti_sync FROM sys_user WHERE del_flag='0' 
[0;39m[32mdefault-[0;39m [31m2020-07-26 09:43:30[0;39m [32m[http-nio-8080-exec-6][0;39m [39mDEBUG[0;39m [1;35m  at org.apache.ibatis.logging.jdbc.BaseJdbcLogger.debug(BaseJdbcLogger.java:143)[0;39m- [1;30m==> Parameters: 
[0;39m[32mdefault-[0;39m [31m2020-07-26 09:43:30[0;39m [32m[http-nio-8080-exec-6][0;39m [39mDEBUG[0;39m [1;35m  at org.apache.ibatis.logging.jdbc.BaseJdbcLogger.debug(BaseJdbcLogger.java:143)[0;39m- [1;30m<==      Total: 6
[0;39m[32mdefault-[0;39m [31m2020-07-26 09:43:30[0;39m [32m[http-nio-8080-exec-7][0;39m [39mDEBUG[0;39m [1;35m  at org.apache.ibatis.logging.jdbc.BaseJdbcLogger.debug(BaseJdbcLogger.java:143)[0;39m- [1;30m==>  Preparing: SELECT id,username,user_type,realname,password,salt,avatar,birthday,sex,email,phone,org_code,status,del_flag,work_no,post,telephone,create_by,create_time,update_by,update_time,activiti_sync FROM sys_user WHERE del_flag='0' 
[0;39m[32mdefault-[0;39m [31m2020-07-26 09:43:30[0;39m [32m[http-nio-8080-exec-7][0;39m [39mDEBUG[0;39m [1;35m  at org.apache.ibatis.logging.jdbc.BaseJdbcLogger.debug(BaseJdbcLogger.java:143)[0;39m- [1;30m==> Parameters: 
[0;39m[32mdefault-[0;39m [31m2020-07-26 09:43:30[0;39m [32m[http-nio-8080-exec-7][0;39m [39mDEBUG[0;39m [1;35m  at org.apache.ibatis.logging.jdbc.BaseJdbcLogger.debug(BaseJdbcLogger.java:143)[0;39m- [1;30m<==      Total: 6
[0;39m[32mdefault-[0;39m [31m2020-07-26 09:43:30[0;39m [32m[http-nio-8080-exec-8][0;39m [39mDEBUG[0;39m [1;35m  at org.apache.ibatis.logging.jdbc.BaseJdbcLogger.debug(BaseJdbcLogger.java:143)[0;39m- [1;30m==>  Preparing: SELECT id,username,user_type,realname,password,salt,avatar,birthday,sex,email,phone,org_code,status,del_flag,work_no,post,telephone,create_by,create_time,update_by,update_time,activiti_sync FROM sys_user WHERE del_flag='0' 
[0;39m[32mdefault-[0;39m [31m2020-07-26 09:43:30[0;39m [32m[http-nio-8080-exec-8][0;39m [39mDEBUG[0;39m [1;35m  at org.apache.ibatis.logging.jdbc.BaseJdbcLogger.debug(BaseJdbcLogger.java:143)[0;39m- [1;30m==> Parameters: 
[0;39m[32mdefault-[0;39m [31m2020-07-26 09:43:30[0;39m [32m[http-nio-8080-exec-8][0;39m [39mDEBUG[0;39m [1;35m  at org.apache.ibatis.logging.jdbc.BaseJdbcLogger.debug(BaseJdbcLogger.java:143)[0;39m- [1;30m<==      Total: 6
[0;39m[32mdefault-[0;39m [31m2020-07-26 09:43:30[0;39m [32m[http-nio-8080-exec-9][0;39m [39mDEBUG[0;39m [1;35m  at org.apache.ibatis.logging.jdbc.BaseJdbcLogger.debug(BaseJdbcLogger.java:143)[0;39m- [1;30m==>  Preparing: SELECT id,username,user_type,realname,password,salt,avatar,birthday,sex,email,phone,org_code,status,del_flag,work_no,post,telephone,create_by,create_time,update_by,update_time,activiti_sync FROM sys_user WHERE del_flag='0' 
[0;39m[32mdefault-[0;39m [31m2020-07-26 09:43:30[0;39m [32m[http-nio-8080-exec-9][0;39m [39mDEBUG[0;39m [1;35m  at org.apache.ibatis.logging.jdbc.BaseJdbcLogger.debug(BaseJdbcLogger.java:143)[0;39m- [1;30m==> Parameters: 
[0;39m[32mdefault-[0;39m [31m2020-07-26 09:43:30[0;39m [32m[http-nio-8080-exec-9][0;39m [39mDEBUG[0;39m [1;35m  at org.apache.ibatis.logging.jdbc.BaseJdbcLogger.debug(BaseJdbcLogger.java:143)[0;39m- [1;30m<==      Total: 6
[0;39m[32mdefault-[0;39m [31m2020-07-26 09:43:47[0;39m [32m[http-nio-8080-exec-5][0;39m [34mINFO [0;39m [1;35m  at org.jeecg.modules.system.controller.SysDictController.loadDict(SysDictController.java:414)[0;39m- [1;30m 加载字典表数据,加载关键字: 吴
[0;39m[32mdefault-[0;39m [31m2020-07-26 09:43:47[0;39m [32m[http-nio-8080-exec-5][0;39m [39mDEBUG[0;39m [1;35m  at org.apache.ibatis.logging.jdbc.BaseJdbcLogger.debug(BaseJdbcLogger.java:143)[0;39m- [1;30m==>  Preparing: select coach_name as "text",id as "value" from tb_edu_coach where coach_name like ? 
[0;39m[32mdefault-[0;39m [31m2020-07-26 09:43:47[0;39m [32m[http-nio-8080-exec-5][0;39m [39mDEBUG[0;39m [1;35m  at org.apache.ibatis.logging.jdbc.BaseJdbcLogger.debug(BaseJdbcLogger.java:143)[0;39m- [1;30m==> Parameters: %吴%(String)
[0;39m[32mdefault-[0;39m [31m2020-07-26 09:43:47[0;39m [32m[http-nio-8080-exec-5][0;39m [39mDEBUG[0;39m [1;35m  at org.apache.ibatis.logging.jdbc.BaseJdbcLogger.debug(BaseJdbcLogger.java:143)[0;39m- [1;30m<==      Total: 2
[0;39m[32mdefault-[0;39m [31m2020-07-26 09:43:47[0;39m [32m[http-nio-8080-exec-5][0;39m [34mINFO [0;39m [1;35m  at org.jeecg.modules.system.controller.SysDictController.loadDict(SysDictController.java:427)[0;39m- [1;30mResult(success=true, message=操作成功！, code=0, result=[DictModel(value=1207508909972037633, text=吴永清), DictModel(value=1207508910106255362, text=吴慧芬)], timestamp=1595727827011)
[0;39m[32mdefault-[0;39m [31m2020-07-26 10:04:09[0;39m [32m[http-nio-8080-exec-2][0;39m [34mINFO [0;39m [1;35m  at org.jeecg.modules.system.controller.SysDictController.getDictItems(SysDictController.java:130)[0;39m- [1;30m dictCode : nation
[0;39m[32mdefault-[0;39m [31m2020-07-26 10:04:09[0;39m [32m[http-nio-8080-exec-2][0;39m [34mINFO [0;39m [1;35m  at org.jeecg.modules.system.controller.SysDictController.getDictItems(SysDictController.java:217)[0;39m- [1;30mResult(success=true, message=操作成功！, code=0, result=[DictModel(value=01, text=汉族), DictModel(value=02, text=蒙古族), DictModel(value=03, text=回族), DictModel(value=04, text=藏族), DictModel(value=05, text=维吾尔族), DictModel(value=06, text=苗族), DictModel(value=07, text=彝族), DictModel(value=08, text=壮族), DictModel(value=09, text=布依族), DictModel(value=10, text=朝鲜族), DictModel(value=11, text=满族)], timestamp=1595729049166)
[0;39m[32mdefault-[0;39m [31m2020-07-26 10:04:09[0;39m [32m[http-nio-8080-exec-4][0;39m [34mINFO [0;39m [1;35m  at org.jeecg.modules.system.controller.SysDictController.getDictItems(SysDictController.java:130)[0;39m- [1;30m dictCode : sex
[0;39m[32mdefault-[0;39m [31m2020-07-26 10:04:09[0;39m [32m[http-nio-8080-exec-4][0;39m [34mINFO [0;39m [1;35m  at org.jeecg.modules.system.controller.SysDictController.getDictItems(SysDictController.java:217)[0;39m- [1;30mResult(success=true, message=操作成功！, code=0, result=[DictModel(value=1, text=男), DictModel(value=2, text=女)], timestamp=1595729049446)
[0;39m[32mdefault-[0;39m [31m2020-07-26 10:40:50[0;39m [32m[http-nio-8080-exec-10][0;39m [34mINFO [0;39m [1;35m  at org.jeecg.modules.system.controller.SysDictController.getDictItems(SysDictController.java:130)[0;39m- [1;30m dictCode : sex
[0;39m[32mdefault-[0;39m [31m2020-07-26 10:40:50[0;39m [32m[http-nio-8080-exec-10][0;39m [34mINFO [0;39m [1;35m  at org.jeecg.modules.system.controller.SysDictController.getDictItems(SysDictController.java:217)[0;39m- [1;30mResult(success=true, message=操作成功！, code=0, result=[DictModel(value=1, text=男), DictModel(value=2, text=女)], timestamp=1595731250292)
[0;39m[32mdefault-[0;39m [31m2020-07-26 10:40:50[0;39m [32m[http-nio-8080-exec-4][0;39m [34mINFO [0;39m [1;35m  at org.jeecg.modules.system.controller.SysDictController.getDictItems(SysDictController.java:130)[0;39m- [1;30m dictCode : nation
[0;39m[32mdefault-[0;39m [31m2020-07-26 10:40:50[0;39m [32m[http-nio-8080-exec-4][0;39m [34mINFO [0;39m [1;35m  at org.jeecg.modules.system.controller.SysDictController.getDictItems(SysDictController.java:217)[0;39m- [1;30mResult(success=true, message=操作成功！, code=0, result=[DictModel(value=01, text=汉族), DictModel(value=02, text=蒙古族), DictModel(value=03, text=回族), DictModel(value=04, text=藏族), DictModel(value=05, text=维吾尔族), DictModel(value=06, text=苗族), DictModel(value=07, text=彝族), DictModel(value=08, text=壮族), DictModel(value=09, text=布依族), DictModel(value=10, text=朝鲜族), DictModel(value=11, text=满族)], timestamp=1595731250589)
[0;39m[32mdefault-[0;39m [31m2020-07-26 10:41:45[0;39m [32m[http-nio-8080-exec-7][0;39m [39mDEBUG[0;39m [1;35m  at org.apache.ibatis.logging.jdbc.BaseJdbcLogger.debug(BaseJdbcLogger.java:143)[0;39m- [1;30m==>  Preparing: SELECT id,username,user_type,realname,password,salt,avatar,birthday,sex,email,phone,org_code,status,del_flag,work_no,post,telephone,create_by,create_time,update_by,update_time,activiti_sync FROM sys_user WHERE del_flag='0' 
[0;39m[32mdefault-[0;39m [31m2020-07-26 10:41:45[0;39m [32m[http-nio-8080-exec-7][0;39m [39mDEBUG[0;39m [1;35m  at org.apache.ibatis.logging.jdbc.BaseJdbcLogger.debug(BaseJdbcLogger.java:143)[0;39m- [1;30m==> Parameters: 
[0;39m[32mdefault-[0;39m [31m2020-07-26 10:41:45[0;39m [32m[http-nio-8080-exec-7][0;39m [39mDEBUG[0;39m [1;35m  at org.apache.ibatis.logging.jdbc.BaseJdbcLogger.debug(BaseJdbcLogger.java:143)[0;39m- [1;30m<==      Total: 6
[0;39m[32mdefault-[0;39m [31m2020-07-26 10:41:45[0;39m [32m[http-nio-8080-exec-8][0;39m [39mDEBUG[0;39m [1;35m  at org.apache.ibatis.logging.jdbc.BaseJdbcLogger.debug(BaseJdbcLogger.java:143)[0;39m- [1;30m==>  Preparing: SELECT id,username,user_type,realname,password,salt,avatar,birthday,sex,email,phone,org_code,status,del_flag,work_no,post,telephone,create_by,create_time,update_by,update_time,activiti_sync FROM sys_user WHERE del_flag='0' 
[0;39m[32mdefault-[0;39m [31m2020-07-26 10:41:45[0;39m [32m[http-nio-8080-exec-8][0;39m [39mDEBUG[0;39m [1;35m  at org.apache.ibatis.logging.jdbc.BaseJdbcLogger.debug(BaseJdbcLogger.java:143)[0;39m- [1;30m==> Parameters: 
[0;39m[32mdefault-[0;39m [31m2020-07-26 10:41:45[0;39m [32m[http-nio-8080-exec-8][0;39m [39mDEBUG[0;39m [1;35m  at org.apache.ibatis.logging.jdbc.BaseJdbcLogger.debug(BaseJdbcLogger.java:143)[0;39m- [1;30m<==      Total: 6
[0;39m[32mdefault-[0;39m [31m2020-07-26 10:41:45[0;39m [32m[http-nio-8080-exec-9][0;39m [39mDEBUG[0;39m [1;35m  at org.apache.ibatis.logging.jdbc.BaseJdbcLogger.debug(BaseJdbcLogger.java:143)[0;39m- [1;30m==>  Preparing: SELECT id,username,user_type,realname,password,salt,avatar,birthday,sex,email,phone,org_code,status,del_flag,work_no,post,telephone,create_by,create_time,update_by,update_time,activiti_sync FROM sys_user WHERE del_flag='0' 
[0;39m[32mdefault-[0;39m [31m2020-07-26 10:41:45[0;39m [32m[http-nio-8080-exec-9][0;39m [39mDEBUG[0;39m [1;35m  at org.apache.ibatis.logging.jdbc.BaseJdbcLogger.debug(BaseJdbcLogger.java:143)[0;39m- [1;30m==> Parameters: 
[0;39m[32mdefault-[0;39m [31m2020-07-26 10:41:45[0;39m [32m[http-nio-8080-exec-9][0;39m [39mDEBUG[0;39m [1;35m  at org.apache.ibatis.logging.jdbc.BaseJdbcLogger.debug(BaseJdbcLogger.java:143)[0;39m- [1;30m<==      Total: 6
[0;39m[32mdefault-[0;39m [31m2020-07-26 10:41:46[0;39m [32m[http-nio-8080-exec-5][0;39m [39mDEBUG[0;39m [1;35m  at org.apache.ibatis.logging.jdbc.BaseJdbcLogger.debug(BaseJdbcLogger.java:143)[0;39m- [1;30m==>  Preparing: SELECT id,username,user_type,realname,password,salt,avatar,birthday,sex,email,phone,org_code,status,del_flag,work_no,post,telephone,create_by,create_time,update_by,update_time,activiti_sync FROM sys_user WHERE del_flag='0' 
[0;39m[32mdefault-[0;39m [31m2020-07-26 10:41:46[0;39m [32m[http-nio-8080-exec-5][0;39m [39mDEBUG[0;39m [1;35m  at org.apache.ibatis.logging.jdbc.BaseJdbcLogger.debug(BaseJdbcLogger.java:143)[0;39m- [1;30m==> Parameters: 
[0;39m[32mdefault-[0;39m [31m2020-07-26 10:41:46[0;39m [32m[http-nio-8080-exec-5][0;39m [39mDEBUG[0;39m [1;35m  at org.apache.ibatis.logging.jdbc.BaseJdbcLogger.debug(BaseJdbcLogger.java:143)[0;39m- [1;30m<==      Total: 6
[0;39m[32mdefault-[0;39m [31m2020-07-26 10:41:46[0;39m [32m[http-nio-8080-exec-3][0;39m [39mDEBUG[0;39m [1;35m  at org.apache.ibatis.logging.jdbc.BaseJdbcLogger.debug(BaseJdbcLogger.java:143)[0;39m- [1;30m==>  Preparing: SELECT id,username,user_type,realname,password,salt,avatar,birthday,sex,email,phone,org_code,status,del_flag,work_no,post,telephone,create_by,create_time,update_by,update_time,activiti_sync FROM sys_user WHERE del_flag='0' 
[0;39m[32mdefault-[0;39m [31m2020-07-26 10:41:46[0;39m [32m[http-nio-8080-exec-3][0;39m [39mDEBUG[0;39m [1;35m  at org.apache.ibatis.logging.jdbc.BaseJdbcLogger.debug(BaseJdbcLogger.java:143)[0;39m- [1;30m==> Parameters: 
[0;39m[32mdefault-[0;39m [31m2020-07-26 10:41:46[0;39m [32m[http-nio-8080-exec-3][0;39m [39mDEBUG[0;39m [1;35m  at org.apache.ibatis.logging.jdbc.BaseJdbcLogger.debug(BaseJdbcLogger.java:143)[0;39m- [1;30m<==      Total: 6
[0;39m[32mdefault-[0;39m [31m2020-07-26 10:41:46[0;39m [32m[http-nio-8080-exec-1][0;39m [39mDEBUG[0;39m [1;35m  at org.apache.ibatis.logging.jdbc.BaseJdbcLogger.debug(BaseJdbcLogger.java:143)[0;39m- [1;30m==>  Preparing: SELECT id,username,user_type,realname,password,salt,avatar,birthday,sex,email,phone,org_code,status,del_flag,work_no,post,telephone,create_by,create_time,update_by,update_time,activiti_sync FROM sys_user WHERE del_flag='0' 
[0;39m[32mdefault-[0;39m [31m2020-07-26 10:41:46[0;39m [32m[http-nio-8080-exec-1][0;39m [39mDEBUG[0;39m [1;35m  at org.apache.ibatis.logging.jdbc.BaseJdbcLogger.debug(BaseJdbcLogger.java:143)[0;39m- [1;30m==> Parameters: 
[0;39m[32mdefault-[0;39m [31m2020-07-26 10:41:46[0;39m [32m[http-nio-8080-exec-1][0;39m [39mDEBUG[0;39m [1;35m  at org.apache.ibatis.logging.jdbc.BaseJdbcLogger.debug(BaseJdbcLogger.java:143)[0;39m- [1;30m<==      Total: 6
[0;39m[32mdefault-[0;39m [31m2020-07-26 10:42:01[0;39m [32m[http-nio-8080-exec-4][0;39m [34mINFO [0;39m [1;35m  at org.jeecg.modules.system.controller.SysDictController.getDictItems(SysDictController.java:130)[0;39m- [1;30m dictCode : nation
[0;39m[32mdefault-[0;39m [31m2020-07-26 10:42:01[0;39m [32m[http-nio-8080-exec-10][0;39m [34mINFO [0;39m [1;35m  at org.jeecg.modules.system.controller.SysDictController.getDictItems(SysDictController.java:130)[0;39m- [1;30m dictCode : sex
[0;39m[32mdefault-[0;39m [31m2020-07-26 10:42:01[0;39m [32m[http-nio-8080-exec-4][0;39m [34mINFO [0;39m [1;35m  at org.jeecg.modules.system.controller.SysDictController.getDictItems(SysDictController.java:217)[0;39m- [1;30mResult(success=true, message=操作成功！, code=0, result=[DictModel(value=01, text=汉族), DictModel(value=02, text=蒙古族), DictModel(value=03, text=回族), DictModel(value=04, text=藏族), DictModel(value=05, text=维吾尔族), DictModel(value=06, text=苗族), DictModel(value=07, text=彝族), DictModel(value=08, text=壮族), DictModel(value=09, text=布依族), DictModel(value=10, text=朝鲜族), DictModel(value=11, text=满族)], timestamp=1595731321096)
[0;39m[32mdefault-[0;39m [31m2020-07-26 10:42:01[0;39m [32m[http-nio-8080-exec-10][0;39m [34mINFO [0;39m [1;35m  at org.jeecg.modules.system.controller.SysDictController.getDictItems(SysDictController.java:217)[0;39m- [1;30mResult(success=true, message=操作成功！, code=0, result=[DictModel(value=1, text=男), DictModel(value=2, text=女)], timestamp=1595731321097)
[0;39m[32mdefault-[0;39m [31m2020-07-26 10:43:43[0;39m [32m[http-nio-8080-exec-3][0;39m [34mINFO [0;39m [1;35m  at org.jeecg.modules.system.controller.SysDictController.getDictItems(SysDictController.java:130)[0;39m- [1;30m dictCode : nation
[0;39m[32mdefault-[0;39m [31m2020-07-26 10:43:43[0;39m [32m[http-nio-8080-exec-5][0;39m [34mINFO [0;39m [1;35m  at org.jeecg.modules.system.controller.SysDictController.getDictItems(SysDictController.java:130)[0;39m- [1;30m dictCode : sex
[0;39m[32mdefault-[0;39m [31m2020-07-26 10:43:43[0;39m [32m[http-nio-8080-exec-5][0;39m [34mINFO [0;39m [1;35m  at org.jeecg.modules.system.controller.SysDictController.getDictItems(SysDictController.java:217)[0;39m- [1;30mResult(success=true, message=操作成功！, code=0, result=[DictModel(value=1, text=男), DictModel(value=2, text=女)], timestamp=1595731423785)
[0;39m[32mdefault-[0;39m [31m2020-07-26 10:43:43[0;39m [32m[http-nio-8080-exec-3][0;39m [34mINFO [0;39m [1;35m  at org.jeecg.modules.system.controller.SysDictController.getDictItems(SysDictController.java:217)[0;39m- [1;30mResult(success=true, message=操作成功！, code=0, result=[DictModel(value=01, text=汉族), DictModel(value=02, text=蒙古族), DictModel(value=03, text=回族), DictModel(value=04, text=藏族), DictModel(value=05, text=维吾尔族), DictModel(value=06, text=苗族), DictModel(value=07, text=彝族), DictModel(value=08, text=壮族), DictModel(value=09, text=布依族), DictModel(value=10, text=朝鲜族), DictModel(value=11, text=满族)], timestamp=1595731423785)
[0;39m[32mdefault-[0;39m [31m2020-07-26 10:45:35[0;39m [32m[http-nio-8080-exec-10][0;39m [34mINFO [0;39m [1;35m  at org.jeecg.modules.system.controller.SysDictController.getDictItems(SysDictController.java:130)[0;39m- [1;30m dictCode : nation
[0;39m[32mdefault-[0;39m [31m2020-07-26 10:45:35[0;39m [32m[http-nio-8080-exec-4][0;39m [34mINFO [0;39m [1;35m  at org.jeecg.modules.system.controller.SysDictController.getDictItems(SysDictController.java:130)[0;39m- [1;30m dictCode : sex
[0;39m[32mdefault-[0;39m [31m2020-07-26 10:45:35[0;39m [32m[http-nio-8080-exec-10][0;39m [34mINFO [0;39m [1;35m  at org.jeecg.modules.system.controller.SysDictController.getDictItems(SysDictController.java:217)[0;39m- [1;30mResult(success=true, message=操作成功！, code=0, result=[DictModel(value=01, text=汉族), DictModel(value=02, text=蒙古族), DictModel(value=03, text=回族), DictModel(value=04, text=藏族), DictModel(value=05, text=维吾尔族), DictModel(value=06, text=苗族), DictModel(value=07, text=彝族), DictModel(value=08, text=壮族), DictModel(value=09, text=布依族), DictModel(value=10, text=朝鲜族), DictModel(value=11, text=满族)], timestamp=1595731535944)
[0;39m[32mdefault-[0;39m [31m2020-07-26 10:45:35[0;39m [32m[http-nio-8080-exec-4][0;39m [34mINFO [0;39m [1;35m  at org.jeecg.modules.system.controller.SysDictController.getDictItems(SysDictController.java:217)[0;39m- [1;30mResult(success=true, message=操作成功！, code=0, result=[DictModel(value=1, text=男), DictModel(value=2, text=女)], timestamp=1595731535947)
[0;39m[32mdefault-[0;39m [31m2020-07-26 10:55:52[0;39m [32m[http-nio-8080-exec-9][0;39m [34mINFO [0;39m [1;35m  at org.jeecg.modules.system.controller.SysDictController.getDictItems(SysDictController.java:130)[0;39m- [1;30m dictCode : nation
[0;39m[32mdefault-[0;39m [31m2020-07-26 10:55:52[0;39m [32m[http-nio-8080-exec-8][0;39m [34mINFO [0;39m [1;35m  at org.jeecg.modules.system.controller.SysDictController.getDictItems(SysDictController.java:130)[0;39m- [1;30m dictCode : sex
[0;39m[32mdefault-[0;39m [31m2020-07-26 10:55:52[0;39m [32m[http-nio-8080-exec-8][0;39m [34mINFO [0;39m [1;35m  at org.jeecg.modules.system.controller.SysDictController.getDictItems(SysDictController.java:217)[0;39m- [1;30mResult(success=true, message=操作成功！, code=0, result=[DictModel(value=1, text=男), DictModel(value=2, text=女)], timestamp=1595732152019)
[0;39m[32mdefault-[0;39m [31m2020-07-26 10:55:52[0;39m [32m[http-nio-8080-exec-9][0;39m [34mINFO [0;39m [1;35m  at org.jeecg.modules.system.controller.SysDictController.getDictItems(SysDictController.java:217)[0;39m- [1;30mResult(success=true, message=操作成功！, code=0, result=[DictModel(value=01, text=汉族), DictModel(value=02, text=蒙古族), DictModel(value=03, text=回族), DictModel(value=04, text=藏族), DictModel(value=05, text=维吾尔族), DictModel(value=06, text=苗族), DictModel(value=07, text=彝族), DictModel(value=08, text=壮族), DictModel(value=09, text=布依族), DictModel(value=10, text=朝鲜族), DictModel(value=11, text=满族)], timestamp=1595732152018)
[0;39m[32mdefault-[0;39m [31m2020-07-26 11:18:32[0;39m [32m[http-nio-8080-exec-10][0;39m [34mINFO [0;39m [1;35m  at org.jeecg.modules.system.controller.SysDictController.getDictItems(SysDictController.java:130)[0;39m- [1;30m dictCode : sex
[0;39m[32mdefault-[0;39m [31m2020-07-26 11:18:32[0;39m [32m[http-nio-8080-exec-4][0;39m [34mINFO [0;39m [1;35m  at org.jeecg.modules.system.controller.SysDictController.getDictItems(SysDictController.java:130)[0;39m- [1;30m dictCode : nation
[0;39m[32mdefault-[0;39m [31m2020-07-26 11:18:32[0;39m [32m[http-nio-8080-exec-10][0;39m [34mINFO [0;39m [1;35m  at org.jeecg.modules.system.controller.SysDictController.getDictItems(SysDictController.java:217)[0;39m- [1;30mResult(success=true, message=操作成功！, code=0, result=[DictModel(value=1, text=男), DictModel(value=2, text=女)], timestamp=1595733512920)
[0;39m[32mdefault-[0;39m [31m2020-07-26 11:18:32[0;39m [32m[http-nio-8080-exec-4][0;39m [34mINFO [0;39m [1;35m  at org.jeecg.modules.system.controller.SysDictController.getDictItems(SysDictController.java:217)[0;39m- [1;30mResult(success=true, message=操作成功！, code=0, result=[DictModel(value=01, text=汉族), DictModel(value=02, text=蒙古族), DictModel(value=03, text=回族), DictModel(value=04, text=藏族), DictModel(value=05, text=维吾尔族), DictModel(value=06, text=苗族), DictModel(value=07, text=彝族), DictModel(value=08, text=壮族), DictModel(value=09, text=布依族), DictModel(value=10, text=朝鲜族), DictModel(value=11, text=满族)], timestamp=1595733512920)
[0;39m[32mdefault-[0;39m [31m2020-07-26 11:25:28[0;39m [32m[http-nio-8080-exec-8][0;39m [34mINFO [0;39m [1;35m  at org.jeecg.modules.system.controller.SysDictController.getDictItems(SysDictController.java:130)[0;39m- [1;30m dictCode : sex
[0;39m[32mdefault-[0;39m [31m2020-07-26 11:25:28[0;39m [32m[http-nio-8080-exec-8][0;39m [34mINFO [0;39m [1;35m  at org.jeecg.modules.system.controller.SysDictController.getDictItems(SysDictController.java:217)[0;39m- [1;30mResult(success=true, message=操作成功！, code=0, result=[DictModel(value=1, text=男), DictModel(value=2, text=女)], timestamp=1595733928026)
[0;39m[32mdefault-[0;39m [31m2020-07-26 11:25:28[0;39m [32m[http-nio-8080-exec-9][0;39m [34mINFO [0;39m [1;35m  at org.jeecg.modules.system.controller.SysDictController.getDictItems(SysDictController.java:130)[0;39m- [1;30m dictCode : nation
[0;39m[32mdefault-[0;39m [31m2020-07-26 11:25:28[0;39m [32m[http-nio-8080-exec-9][0;39m [34mINFO [0;39m [1;35m  at org.jeecg.modules.system.controller.SysDictController.getDictItems(SysDictController.java:217)[0;39m- [1;30mResult(success=true, message=操作成功！, code=0, result=[DictModel(value=01, text=汉族), DictModel(value=02, text=蒙古族), DictModel(value=03, text=回族), DictModel(value=04, text=藏族), DictModel(value=05, text=维吾尔族), DictModel(value=06, text=苗族), DictModel(value=07, text=彝族), DictModel(value=08, text=壮族), DictModel(value=09, text=布依族), DictModel(value=10, text=朝鲜族), DictModel(value=11, text=满族)], timestamp=1595733928329)
[0;39m[32mdefault-[0;39m [31m2020-07-26 11:26:11[0;39m [32m[http-nio-8080-exec-3][0;39m [34mINFO [0;39m [1;35m  at org.jeecg.modules.system.controller.SysDictController.getDictItems(SysDictController.java:130)[0;39m- [1;30m dictCode : sex
[0;39m[32mdefault-[0;39m [31m2020-07-26 11:26:11[0;39m [32m[http-nio-8080-exec-2][0;39m [34mINFO [0;39m [1;35m  at org.jeecg.modules.system.controller.SysDictController.getDictItems(SysDictController.java:130)[0;39m- [1;30m dictCode : nation
[0;39m[32mdefault-[0;39m [31m2020-07-26 11:26:11[0;39m [32m[http-nio-8080-exec-3][0;39m [34mINFO [0;39m [1;35m  at org.jeecg.modules.system.controller.SysDictController.getDictItems(SysDictController.java:217)[0;39m- [1;30mResult(success=true, message=操作成功！, code=0, result=[DictModel(value=1, text=男), DictModel(value=2, text=女)], timestamp=1595733971067)
[0;39m[32mdefault-[0;39m [31m2020-07-26 11:26:11[0;39m [32m[http-nio-8080-exec-2][0;39m [34mINFO [0;39m [1;35m  at org.jeecg.modules.system.controller.SysDictController.getDictItems(SysDictController.java:217)[0;39m- [1;30mResult(success=true, message=操作成功！, code=0, result=[DictModel(value=01, text=汉族), DictModel(value=02, text=蒙古族), DictModel(value=03, text=回族), DictModel(value=04, text=藏族), DictModel(value=05, text=维吾尔族), DictModel(value=06, text=苗族), DictModel(value=07, text=彝族), DictModel(value=08, text=壮族), DictModel(value=09, text=布依族), DictModel(value=10, text=朝鲜族), DictModel(value=11, text=满族)], timestamp=1595733971071)
[0;39m[32mdefault-[0;39m [31m2020-07-26 11:32:01[0;39m [32m[http-nio-8080-exec-1][0;39m [34mINFO [0;39m [1;35m  at org.jeecg.modules.system.controller.SysDictController.getDictItems(SysDictController.java:130)[0;39m- [1;30m dictCode : nation
[0;39m[32mdefault-[0;39m [31m2020-07-26 11:32:01[0;39m [32m[http-nio-8080-exec-4][0;39m [34mINFO [0;39m [1;35m  at org.jeecg.modules.system.controller.SysDictController.getDictItems(SysDictController.java:130)[0;39m- [1;30m dictCode : sex
[0;39m[32mdefault-[0;39m [31m2020-07-26 11:32:01[0;39m [32m[http-nio-8080-exec-4][0;39m [34mINFO [0;39m [1;35m  at org.jeecg.modules.system.controller.SysDictController.getDictItems(SysDictController.java:217)[0;39m- [1;30mResult(success=true, message=操作成功！, code=0, result=[DictModel(value=1, text=男), DictModel(value=2, text=女)], timestamp=1595734321980)
[0;39m[32mdefault-[0;39m [31m2020-07-26 11:32:01[0;39m [32m[http-nio-8080-exec-1][0;39m [34mINFO [0;39m [1;35m  at org.jeecg.modules.system.controller.SysDictController.getDictItems(SysDictController.java:217)[0;39m- [1;30mResult(success=true, message=操作成功！, code=0, result=[DictModel(value=01, text=汉族), DictModel(value=02, text=蒙古族), DictModel(value=03, text=回族), DictModel(value=04, text=藏族), DictModel(value=05, text=维吾尔族), DictModel(value=06, text=苗族), DictModel(value=07, text=彝族), DictModel(value=08, text=壮族), DictModel(value=09, text=布依族), DictModel(value=10, text=朝鲜族), DictModel(value=11, text=满族)], timestamp=1595734321980)
[0;39m[32mdefault-[0;39m [31m2020-07-26 11:38:49[0;39m [32m[http-nio-8080-exec-5][0;39m [39mDEBUG[0;39m [1;35m  at org.apache.ibatis.logging.jdbc.BaseJdbcLogger.debug(BaseJdbcLogger.java:143)[0;39m- [1;30m==>  Preparing: SELECT id,username,user_type,realname,password,salt,avatar,birthday,sex,email,phone,org_code,status,del_flag,work_no,post,telephone,create_by,create_time,update_by,update_time,activiti_sync FROM sys_user WHERE del_flag='0' 
[0;39m[32mdefault-[0;39m [31m2020-07-26 11:38:49[0;39m [32m[http-nio-8080-exec-5][0;39m [39mDEBUG[0;39m [1;35m  at org.apache.ibatis.logging.jdbc.BaseJdbcLogger.debug(BaseJdbcLogger.java:143)[0;39m- [1;30m==> Parameters: 
[0;39m[32mdefault-[0;39m [31m2020-07-26 11:38:49[0;39m [32m[http-nio-8080-exec-5][0;39m [39mDEBUG[0;39m [1;35m  at org.apache.ibatis.logging.jdbc.BaseJdbcLogger.debug(BaseJdbcLogger.java:143)[0;39m- [1;30m<==      Total: 6
[0;39m[32mdefault-[0;39m [31m2020-07-26 11:38:49[0;39m [32m[http-nio-8080-exec-9][0;39m [39mDEBUG[0;39m [1;35m  at org.apache.ibatis.logging.jdbc.BaseJdbcLogger.debug(BaseJdbcLogger.java:143)[0;39m- [1;30m==>  Preparing: SELECT id,username,user_type,realname,password,salt,avatar,birthday,sex,email,phone,org_code,status,del_flag,work_no,post,telephone,create_by,create_time,update_by,update_time,activiti_sync FROM sys_user WHERE del_flag='0' 
[0;39m[32mdefault-[0;39m [31m2020-07-26 11:38:49[0;39m [32m[http-nio-8080-exec-9][0;39m [39mDEBUG[0;39m [1;35m  at org.apache.ibatis.logging.jdbc.BaseJdbcLogger.debug(BaseJdbcLogger.java:143)[0;39m- [1;30m==> Parameters: 
[0;39m[32mdefault-[0;39m [31m2020-07-26 11:38:49[0;39m [32m[http-nio-8080-exec-9][0;39m [39mDEBUG[0;39m [1;35m  at org.apache.ibatis.logging.jdbc.BaseJdbcLogger.debug(BaseJdbcLogger.java:143)[0;39m- [1;30m<==      Total: 6
[0;39m[32mdefault-[0;39m [31m2020-07-26 11:38:49[0;39m [32m[http-nio-8080-exec-3][0;39m [39mDEBUG[0;39m [1;35m  at org.apache.ibatis.logging.jdbc.BaseJdbcLogger.debug(BaseJdbcLogger.java:143)[0;39m- [1;30m==>  Preparing: SELECT id,username,user_type,realname,password,salt,avatar,birthday,sex,email,phone,org_code,status,del_flag,work_no,post,telephone,create_by,create_time,update_by,update_time,activiti_sync FROM sys_user WHERE del_flag='0' 
[0;39m[32mdefault-[0;39m [31m2020-07-26 11:38:49[0;39m [32m[http-nio-8080-exec-3][0;39m [39mDEBUG[0;39m [1;35m  at org.apache.ibatis.logging.jdbc.BaseJdbcLogger.debug(BaseJdbcLogger.java:143)[0;39m- [1;30m==> Parameters: 
[0;39m[32mdefault-[0;39m [31m2020-07-26 11:38:49[0;39m [32m[http-nio-8080-exec-3][0;39m [39mDEBUG[0;39m [1;35m  at org.apache.ibatis.logging.jdbc.BaseJdbcLogger.debug(BaseJdbcLogger.java:143)[0;39m- [1;30m<==      Total: 6
[0;39m[32mdefault-[0;39m [31m2020-07-26 11:38:49[0;39m [32m[http-nio-8080-exec-2][0;39m [39mDEBUG[0;39m [1;35m  at org.apache.ibatis.logging.jdbc.BaseJdbcLogger.debug(BaseJdbcLogger.java:143)[0;39m- [1;30m==>  Preparing: SELECT id,username,user_type,realname,password,salt,avatar,birthday,sex,email,phone,org_code,status,del_flag,work_no,post,telephone,create_by,create_time,update_by,update_time,activiti_sync FROM sys_user WHERE del_flag='0' 
[0;39m[32mdefault-[0;39m [31m2020-07-26 11:38:49[0;39m [32m[http-nio-8080-exec-2][0;39m [39mDEBUG[0;39m [1;35m  at org.apache.ibatis.logging.jdbc.BaseJdbcLogger.debug(BaseJdbcLogger.java:143)[0;39m- [1;30m==> Parameters: 
[0;39m[32mdefault-[0;39m [31m2020-07-26 11:38:49[0;39m [32m[http-nio-8080-exec-2][0;39m [39mDEBUG[0;39m [1;35m  at org.apache.ibatis.logging.jdbc.BaseJdbcLogger.debug(BaseJdbcLogger.java:143)[0;39m- [1;30m<==      Total: 6
[0;39m[32mdefault-[0;39m [31m2020-07-26 11:38:49[0;39m [32m[http-nio-8080-exec-6][0;39m [39mDEBUG[0;39m [1;35m  at org.apache.ibatis.logging.jdbc.BaseJdbcLogger.debug(BaseJdbcLogger.java:143)[0;39m- [1;30m==>  Preparing: SELECT id,username,user_type,realname,password,salt,avatar,birthday,sex,email,phone,org_code,status,del_flag,work_no,post,telephone,create_by,create_time,update_by,update_time,activiti_sync FROM sys_user WHERE del_flag='0' 
[0;39m[32mdefault-[0;39m [31m2020-07-26 11:38:49[0;39m [32m[http-nio-8080-exec-6][0;39m [39mDEBUG[0;39m [1;35m  at org.apache.ibatis.logging.jdbc.BaseJdbcLogger.debug(BaseJdbcLogger.java:143)[0;39m- [1;30m==> Parameters: 
[0;39m[32mdefault-[0;39m [31m2020-07-26 11:38:49[0;39m [32m[http-nio-8080-exec-6][0;39m [39mDEBUG[0;39m [1;35m  at org.apache.ibatis.logging.jdbc.BaseJdbcLogger.debug(BaseJdbcLogger.java:143)[0;39m- [1;30m<==      Total: 6
[0;39m[32mdefault-[0;39m [31m2020-07-26 11:38:50[0;39m [32m[http-nio-8080-exec-7][0;39m [39mDEBUG[0;39m [1;35m  at org.apache.ibatis.logging.jdbc.BaseJdbcLogger.debug(BaseJdbcLogger.java:143)[0;39m- [1;30m==>  Preparing: SELECT id,username,user_type,realname,password,salt,avatar,birthday,sex,email,phone,org_code,status,del_flag,work_no,post,telephone,create_by,create_time,update_by,update_time,activiti_sync FROM sys_user WHERE del_flag='0' 
[0;39m[32mdefault-[0;39m [31m2020-07-26 11:38:50[0;39m [32m[http-nio-8080-exec-7][0;39m [39mDEBUG[0;39m [1;35m  at org.apache.ibatis.logging.jdbc.BaseJdbcLogger.debug(BaseJdbcLogger.java:143)[0;39m- [1;30m==> Parameters: 
[0;39m[32mdefault-[0;39m [31m2020-07-26 11:38:50[0;39m [32m[http-nio-8080-exec-7][0;39m [39mDEBUG[0;39m [1;35m  at org.apache.ibatis.logging.jdbc.BaseJdbcLogger.debug(BaseJdbcLogger.java:143)[0;39m- [1;30m<==      Total: 6
[0;39m[32mdefault-[0;39m [31m2020-07-26 12:04:02[0;39m [32m[http-nio-8080-exec-4][0;39m [34mINFO [0;39m [1;35m  at org.jeecg.modules.system.controller.SysDictController.getDictItems(SysDictController.java:130)[0;39m- [1;30m dictCode : nation
[0;39m[32mdefault-[0;39m [31m2020-07-26 12:04:02[0;39m [32m[http-nio-8080-exec-10][0;39m [34mINFO [0;39m [1;35m  at org.jeecg.modules.system.controller.SysDictController.getDictItems(SysDictController.java:130)[0;39m- [1;30m dictCode : sex
[0;39m[32mdefault-[0;39m [31m2020-07-26 12:04:02[0;39m [32m[http-nio-8080-exec-10][0;39m [34mINFO [0;39m [1;35m  at org.jeecg.modules.system.controller.SysDictController.getDictItems(SysDictController.java:217)[0;39m- [1;30mResult(success=true, message=操作成功！, code=0, result=[DictModel(value=1, text=男), DictModel(value=2, text=女)], timestamp=1595736242571)
[0;39m[32mdefault-[0;39m [31m2020-07-26 12:04:02[0;39m [32m[http-nio-8080-exec-4][0;39m [34mINFO [0;39m [1;35m  at org.jeecg.modules.system.controller.SysDictController.getDictItems(SysDictController.java:217)[0;39m- [1;30mResult(success=true, message=操作成功！, code=0, result=[DictModel(value=01, text=汉族), DictModel(value=02, text=蒙古族), DictModel(value=03, text=回族), DictModel(value=04, text=藏族), DictModel(value=05, text=维吾尔族), DictModel(value=06, text=苗族), DictModel(value=07, text=彝族), DictModel(value=08, text=壮族), DictModel(value=09, text=布依族), DictModel(value=10, text=朝鲜族), DictModel(value=11, text=满族)], timestamp=1595736242571)
[0;39m[32mdefault-[0;39m [31m2020-07-26 12:13:01[0;39m [32m[http-nio-8080-exec-5][0;39m [34mINFO [0;39m [1;35m  at org.jeecg.modules.system.controller.SysDictController.getDictItems(SysDictController.java:130)[0;39m- [1;30m dictCode : nation
[0;39m[32mdefault-[0;39m [31m2020-07-26 12:13:01[0;39m [32m[http-nio-8080-exec-8][0;39m [34mINFO [0;39m [1;35m  at org.jeecg.modules.system.controller.SysDictController.getDictItems(SysDictController.java:130)[0;39m- [1;30m dictCode : sex
[0;39m[32mdefault-[0;39m [31m2020-07-26 12:13:01[0;39m [32m[http-nio-8080-exec-8][0;39m [34mINFO [0;39m [1;35m  at org.jeecg.modules.system.controller.SysDictController.getDictItems(SysDictController.java:217)[0;39m- [1;30mResult(success=true, message=操作成功！, code=0, result=[DictModel(value=1, text=男), DictModel(value=2, text=女)], timestamp=1595736781379)
[0;39m[32mdefault-[0;39m [31m2020-07-26 12:13:01[0;39m [32m[http-nio-8080-exec-5][0;39m [34mINFO [0;39m [1;35m  at org.jeecg.modules.system.controller.SysDictController.getDictItems(SysDictController.java:217)[0;39m- [1;30mResult(success=true, message=操作成功！, code=0, result=[DictModel(value=01, text=汉族), DictModel(value=02, text=蒙古族), DictModel(value=03, text=回族), DictModel(value=04, text=藏族), DictModel(value=05, text=维吾尔族), DictModel(value=06, text=苗族), DictModel(value=07, text=彝族), DictModel(value=08, text=壮族), DictModel(value=09, text=布依族), DictModel(value=10, text=朝鲜族), DictModel(value=11, text=满族)], timestamp=1595736781379)
[0;39m[32mdefault-[0;39m [31m2020-07-26 12:36:38[0;39m [32m[http-nio-8080-exec-2][0;39m [34mINFO [0;39m [1;35m  at org.jeecg.modules.system.controller.SysDictController.getDictItems(SysDictController.java:130)[0;39m- [1;30m dictCode : sex
[0;39m[32mdefault-[0;39m [31m2020-07-26 12:36:38[0;39m [32m[http-nio-8080-exec-2][0;39m [34mINFO [0;39m [1;35m  at org.jeecg.modules.system.controller.SysDictController.getDictItems(SysDictController.java:217)[0;39m- [1;30mResult(success=true, message=操作成功！, code=0, result=[DictModel(value=1, text=男), DictModel(value=2, text=女)], timestamp=1595738198297)
[0;39m[32mdefault-[0;39m [31m2020-07-26 12:36:38[0;39m [32m[http-nio-8080-exec-6][0;39m [34mINFO [0;39m [1;35m  at org.jeecg.modules.system.controller.SysDictController.getDictItems(SysDictController.java:130)[0;39m- [1;30m dictCode : nation
[0;39m[32mdefault-[0;39m [31m2020-07-26 12:36:38[0;39m [32m[http-nio-8080-exec-6][0;39m [34mINFO [0;39m [1;35m  at org.jeecg.modules.system.controller.SysDictController.getDictItems(SysDictController.java:217)[0;39m- [1;30mResult(success=true, message=操作成功！, code=0, result=[DictModel(value=01, text=汉族), DictModel(value=02, text=蒙古族), DictModel(value=03, text=回族), DictModel(value=04, text=藏族), DictModel(value=05, text=维吾尔族), DictModel(value=06, text=苗族), DictModel(value=07, text=彝族), DictModel(value=08, text=壮族), DictModel(value=09, text=布依族), DictModel(value=10, text=朝鲜族), DictModel(value=11, text=满族)], timestamp=1595738198620)
[0;39m[32mdefault-[0;39m [31m2020-07-26 14:17:35[0;39m [32m[http-nio-8080-exec-10][0;39m [39mDEBUG[0;39m [1;35m  at org.apache.ibatis.logging.jdbc.BaseJdbcLogger.debug(BaseJdbcLogger.java:143)[0;39m- [1;30m==>  Preparing: SELECT id,username,user_type,realname,password,salt,avatar,birthday,sex,email,phone,org_code,status,del_flag,work_no,post,telephone,create_by,create_time,update_by,update_time,activiti_sync FROM sys_user WHERE del_flag='0' 
[0;39m[32mdefault-[0;39m [31m2020-07-26 14:17:35[0;39m [32m[http-nio-8080-exec-10][0;39m [39mDEBUG[0;39m [1;35m  at org.apache.ibatis.logging.jdbc.BaseJdbcLogger.debug(BaseJdbcLogger.java:143)[0;39m- [1;30m==> Parameters: 
[0;39m[32mdefault-[0;39m [31m2020-07-26 14:17:35[0;39m [32m[http-nio-8080-exec-10][0;39m [39mDEBUG[0;39m [1;35m  at org.apache.ibatis.logging.jdbc.BaseJdbcLogger.debug(BaseJdbcLogger.java:143)[0;39m- [1;30m<==      Total: 6
[0;39m[32mdefault-[0;39m [31m2020-07-26 14:17:35[0;39m [32m[http-nio-8080-exec-4][0;39m [39mDEBUG[0;39m [1;35m  at org.apache.ibatis.logging.jdbc.BaseJdbcLogger.debug(BaseJdbcLogger.java:143)[0;39m- [1;30m==>  Preparing: SELECT id,username,user_type,realname,password,salt,avatar,birthday,sex,email,phone,org_code,status,del_flag,work_no,post,telephone,create_by,create_time,update_by,update_time,activiti_sync FROM sys_user WHERE del_flag='0' 
[0;39m[32mdefault-[0;39m [31m2020-07-26 14:17:35[0;39m [32m[http-nio-8080-exec-4][0;39m [39mDEBUG[0;39m [1;35m  at org.apache.ibatis.logging.jdbc.BaseJdbcLogger.debug(BaseJdbcLogger.java:143)[0;39m- [1;30m==> Parameters: 
[0;39m[32mdefault-[0;39m [31m2020-07-26 14:17:35[0;39m [32m[http-nio-8080-exec-4][0;39m [39mDEBUG[0;39m [1;35m  at org.apache.ibatis.logging.jdbc.BaseJdbcLogger.debug(BaseJdbcLogger.java:143)[0;39m- [1;30m<==      Total: 6
[0;39m[32mdefault-[0;39m [31m2020-07-26 14:17:35[0;39m [32m[http-nio-8080-exec-1][0;39m [39mDEBUG[0;39m [1;35m  at org.apache.ibatis.logging.jdbc.BaseJdbcLogger.debug(BaseJdbcLogger.java:143)[0;39m- [1;30m==>  Preparing: SELECT id,username,user_type,realname,password,salt,avatar,birthday,sex,email,phone,org_code,status,del_flag,work_no,post,telephone,create_by,create_time,update_by,update_time,activiti_sync FROM sys_user WHERE del_flag='0' 
[0;39m[32mdefault-[0;39m [31m2020-07-26 14:17:35[0;39m [32m[http-nio-8080-exec-1][0;39m [39mDEBUG[0;39m [1;35m  at org.apache.ibatis.logging.jdbc.BaseJdbcLogger.debug(BaseJdbcLogger.java:143)[0;39m- [1;30m==> Parameters: 
[0;39m[32mdefault-[0;39m [31m2020-07-26 14:17:35[0;39m [32m[http-nio-8080-exec-1][0;39m [39mDEBUG[0;39m [1;35m  at org.apache.ibatis.logging.jdbc.BaseJdbcLogger.debug(BaseJdbcLogger.java:143)[0;39m- [1;30m<==      Total: 6
[0;39m[32mdefault-[0;39m [31m2020-07-26 14:17:35[0;39m [32m[http-nio-8080-exec-8][0;39m [39mDEBUG[0;39m [1;35m  at org.apache.ibatis.logging.jdbc.BaseJdbcLogger.debug(BaseJdbcLogger.java:143)[0;39m- [1;30m==>  Preparing: SELECT id,username,user_type,realname,password,salt,avatar,birthday,sex,email,phone,org_code,status,del_flag,work_no,post,telephone,create_by,create_time,update_by,update_time,activiti_sync FROM sys_user WHERE del_flag='0' 
[0;39m[32mdefault-[0;39m [31m2020-07-26 14:17:35[0;39m [32m[http-nio-8080-exec-8][0;39m [39mDEBUG[0;39m [1;35m  at org.apache.ibatis.logging.jdbc.BaseJdbcLogger.debug(BaseJdbcLogger.java:143)[0;39m- [1;30m==> Parameters: 
[0;39m[32mdefault-[0;39m [31m2020-07-26 14:17:35[0;39m [32m[http-nio-8080-exec-8][0;39m [39mDEBUG[0;39m [1;35m  at org.apache.ibatis.logging.jdbc.BaseJdbcLogger.debug(BaseJdbcLogger.java:143)[0;39m- [1;30m<==      Total: 6
[0;39m[32mdefault-[0;39m [31m2020-07-26 14:17:35[0;39m [32m[http-nio-8080-exec-5][0;39m [39mDEBUG[0;39m [1;35m  at org.apache.ibatis.logging.jdbc.BaseJdbcLogger.debug(BaseJdbcLogger.java:143)[0;39m- [1;30m==>  Preparing: SELECT id,username,user_type,realname,password,salt,avatar,birthday,sex,email,phone,org_code,status,del_flag,work_no,post,telephone,create_by,create_time,update_by,update_time,activiti_sync FROM sys_user WHERE del_flag='0' 
[0;39m[32mdefault-[0;39m [31m2020-07-26 14:17:35[0;39m [32m[http-nio-8080-exec-5][0;39m [39mDEBUG[0;39m [1;35m  at org.apache.ibatis.logging.jdbc.BaseJdbcLogger.debug(BaseJdbcLogger.java:143)[0;39m- [1;30m==> Parameters: 
[0;39m[32mdefault-[0;39m [31m2020-07-26 14:17:35[0;39m [32m[http-nio-8080-exec-5][0;39m [39mDEBUG[0;39m [1;35m  at org.apache.ibatis.logging.jdbc.BaseJdbcLogger.debug(BaseJdbcLogger.java:143)[0;39m- [1;30m<==      Total: 6
[0;39m[32mdefault-[0;39m [31m2020-07-26 14:17:36[0;39m [32m[http-nio-8080-exec-9][0;39m [39mDEBUG[0;39m [1;35m  at org.apache.ibatis.logging.jdbc.BaseJdbcLogger.debug(BaseJdbcLogger.java:143)[0;39m- [1;30m==>  Preparing: SELECT id,username,user_type,realname,password,salt,avatar,birthday,sex,email,phone,org_code,status,del_flag,work_no,post,telephone,create_by,create_time,update_by,update_time,activiti_sync FROM sys_user WHERE del_flag='0' 
[0;39m[32mdefault-[0;39m [31m2020-07-26 14:17:36[0;39m [32m[http-nio-8080-exec-9][0;39m [39mDEBUG[0;39m [1;35m  at org.apache.ibatis.logging.jdbc.BaseJdbcLogger.debug(BaseJdbcLogger.java:143)[0;39m- [1;30m==> Parameters: 
[0;39m[32mdefault-[0;39m [31m2020-07-26 14:17:36[0;39m [32m[http-nio-8080-exec-9][0;39m [39mDEBUG[0;39m [1;35m  at org.apache.ibatis.logging.jdbc.BaseJdbcLogger.debug(BaseJdbcLogger.java:143)[0;39m- [1;30m<==      Total: 6
[0;39m[32mdefault-[0;39m [31m2020-07-26 14:18:42[0;39m [32m[http-nio-8080-exec-3][0;39m [34mINFO [0;39m [1;35m  at org.jeecg.modules.system.controller.SysDictController.getDictItems(SysDictController.java:130)[0;39m- [1;30m dictCode : sex
[0;39m[32mdefault-[0;39m [31m2020-07-26 14:18:42[0;39m [32m[http-nio-8080-exec-3][0;39m [34mINFO [0;39m [1;35m  at org.jeecg.modules.system.controller.SysDictController.getDictItems(SysDictController.java:217)[0;39m- [1;30mResult(success=true, message=操作成功！, code=0, result=[DictModel(value=1, text=男), DictModel(value=2, text=女)], timestamp=1595744322622)
[0;39m[32mdefault-[0;39m [31m2020-07-26 14:18:42[0;39m [32m[http-nio-8080-exec-2][0;39m [34mINFO [0;39m [1;35m  at org.jeecg.modules.system.controller.SysDictController.getDictItems(SysDictController.java:130)[0;39m- [1;30m dictCode : nation
[0;39m[32mdefault-[0;39m [31m2020-07-26 14:18:42[0;39m [32m[http-nio-8080-exec-2][0;39m [34mINFO [0;39m [1;35m  at org.jeecg.modules.system.controller.SysDictController.getDictItems(SysDictController.java:217)[0;39m- [1;30mResult(success=true, message=操作成功！, code=0, result=[DictModel(value=01, text=汉族), DictModel(value=02, text=蒙古族), DictModel(value=03, text=回族), DictModel(value=04, text=藏族), DictModel(value=05, text=维吾尔族), DictModel(value=06, text=苗族), DictModel(value=07, text=彝族), DictModel(value=08, text=壮族), DictModel(value=09, text=布依族), DictModel(value=10, text=朝鲜族), DictModel(value=11, text=满族)], timestamp=1595744322688)
[0;39m[32mdefault-[0;39m [31m2020-07-26 14:18:45[0;39m [32m[http-nio-8080-exec-6][0;39m [39mDEBUG[0;39m [1;35m  at org.apache.ibatis.logging.jdbc.BaseJdbcLogger.debug(BaseJdbcLogger.java:143)[0;39m- [1;30m==>  Preparing: SELECT id,username,user_type,realname,password,salt,avatar,birthday,sex,email,phone,org_code,status,del_flag,work_no,post,telephone,create_by,create_time,update_by,update_time,activiti_sync FROM sys_user WHERE del_flag='0' 
[0;39m[32mdefault-[0;39m [31m2020-07-26 14:18:45[0;39m [32m[http-nio-8080-exec-6][0;39m [39mDEBUG[0;39m [1;35m  at org.apache.ibatis.logging.jdbc.BaseJdbcLogger.debug(BaseJdbcLogger.java:143)[0;39m- [1;30m==> Parameters: 
[0;39m[32mdefault-[0;39m [31m2020-07-26 14:18:45[0;39m [32m[http-nio-8080-exec-6][0;39m [39mDEBUG[0;39m [1;35m  at org.apache.ibatis.logging.jdbc.BaseJdbcLogger.debug(BaseJdbcLogger.java:143)[0;39m- [1;30m<==      Total: 6
[0;39m[32mdefault-[0;39m [31m2020-07-26 14:18:45[0;39m [32m[http-nio-8080-exec-10][0;39m [39mDEBUG[0;39m [1;35m  at org.apache.ibatis.logging.jdbc.BaseJdbcLogger.debug(BaseJdbcLogger.java:143)[0;39m- [1;30m==>  Preparing: SELECT id,username,user_type,realname,password,salt,avatar,birthday,sex,email,phone,org_code,status,del_flag,work_no,post,telephone,create_by,create_time,update_by,update_time,activiti_sync FROM sys_user WHERE del_flag='0' 
[0;39m[32mdefault-[0;39m [31m2020-07-26 14:18:45[0;39m [32m[http-nio-8080-exec-10][0;39m [39mDEBUG[0;39m [1;35m  at org.apache.ibatis.logging.jdbc.BaseJdbcLogger.debug(BaseJdbcLogger.java:143)[0;39m- [1;30m==> Parameters: 
[0;39m[32mdefault-[0;39m [31m2020-07-26 14:18:45[0;39m [32m[http-nio-8080-exec-10][0;39m [39mDEBUG[0;39m [1;35m  at org.apache.ibatis.logging.jdbc.BaseJdbcLogger.debug(BaseJdbcLogger.java:143)[0;39m- [1;30m<==      Total: 6
[0;39m[32mdefault-[0;39m [31m2020-07-26 14:18:46[0;39m [32m[http-nio-8080-exec-4][0;39m [39mDEBUG[0;39m [1;35m  at org.apache.ibatis.logging.jdbc.BaseJdbcLogger.debug(BaseJdbcLogger.java:143)[0;39m- [1;30m==>  Preparing: SELECT id,username,user_type,realname,password,salt,avatar,birthday,sex,email,phone,org_code,status,del_flag,work_no,post,telephone,create_by,create_time,update_by,update_time,activiti_sync FROM sys_user WHERE del_flag='0' 
[0;39m[32mdefault-[0;39m [31m2020-07-26 14:18:46[0;39m [32m[http-nio-8080-exec-4][0;39m [39mDEBUG[0;39m [1;35m  at org.apache.ibatis.logging.jdbc.BaseJdbcLogger.debug(BaseJdbcLogger.java:143)[0;39m- [1;30m==> Parameters: 
[0;39m[32mdefault-[0;39m [31m2020-07-26 14:18:46[0;39m [32m[http-nio-8080-exec-4][0;39m [39mDEBUG[0;39m [1;35m  at org.apache.ibatis.logging.jdbc.BaseJdbcLogger.debug(BaseJdbcLogger.java:143)[0;39m- [1;30m<==      Total: 6
[0;39m[32mdefault-[0;39m [31m2020-07-26 14:18:46[0;39m [32m[http-nio-8080-exec-1][0;39m [39mDEBUG[0;39m [1;35m  at org.apache.ibatis.logging.jdbc.BaseJdbcLogger.debug(BaseJdbcLogger.java:143)[0;39m- [1;30m==>  Preparing: SELECT id,username,user_type,realname,password,salt,avatar,birthday,sex,email,phone,org_code,status,del_flag,work_no,post,telephone,create_by,create_time,update_by,update_time,activiti_sync FROM sys_user WHERE del_flag='0' 
[0;39m[32mdefault-[0;39m [31m2020-07-26 14:18:46[0;39m [32m[http-nio-8080-exec-1][0;39m [39mDEBUG[0;39m [1;35m  at org.apache.ibatis.logging.jdbc.BaseJdbcLogger.debug(BaseJdbcLogger.java:143)[0;39m- [1;30m==> Parameters: 
[0;39m[32mdefault-[0;39m [31m2020-07-26 14:18:46[0;39m [32m[http-nio-8080-exec-1][0;39m [39mDEBUG[0;39m [1;35m  at org.apache.ibatis.logging.jdbc.BaseJdbcLogger.debug(BaseJdbcLogger.java:143)[0;39m- [1;30m<==      Total: 6
[0;39m[32mdefault-[0;39m [31m2020-07-26 14:18:46[0;39m [32m[http-nio-8080-exec-8][0;39m [39mDEBUG[0;39m [1;35m  at org.apache.ibatis.logging.jdbc.BaseJdbcLogger.debug(BaseJdbcLogger.java:143)[0;39m- [1;30m==>  Preparing: SELECT id,username,user_type,realname,password,salt,avatar,birthday,sex,email,phone,org_code,status,del_flag,work_no,post,telephone,create_by,create_time,update_by,update_time,activiti_sync FROM sys_user WHERE del_flag='0' 
[0;39m[32mdefault-[0;39m [31m2020-07-26 14:18:46[0;39m [32m[http-nio-8080-exec-8][0;39m [39mDEBUG[0;39m [1;35m  at org.apache.ibatis.logging.jdbc.BaseJdbcLogger.debug(BaseJdbcLogger.java:143)[0;39m- [1;30m==> Parameters: 
[0;39m[32mdefault-[0;39m [31m2020-07-26 14:18:46[0;39m [32m[http-nio-8080-exec-8][0;39m [39mDEBUG[0;39m [1;35m  at org.apache.ibatis.logging.jdbc.BaseJdbcLogger.debug(BaseJdbcLogger.java:143)[0;39m- [1;30m<==      Total: 6
[0;39m[32mdefault-[0;39m [31m2020-07-26 14:18:46[0;39m [32m[http-nio-8080-exec-5][0;39m [39mDEBUG[0;39m [1;35m  at org.apache.ibatis.logging.jdbc.BaseJdbcLogger.debug(BaseJdbcLogger.java:143)[0;39m- [1;30m==>  Preparing: SELECT id,username,user_type,realname,password,salt,avatar,birthday,sex,email,phone,org_code,status,del_flag,work_no,post,telephone,create_by,create_time,update_by,update_time,activiti_sync FROM sys_user WHERE del_flag='0' 
[0;39m[32mdefault-[0;39m [31m2020-07-26 14:18:46[0;39m [32m[http-nio-8080-exec-5][0;39m [39mDEBUG[0;39m [1;35m  at org.apache.ibatis.logging.jdbc.BaseJdbcLogger.debug(BaseJdbcLogger.java:143)[0;39m- [1;30m==> Parameters: 
[0;39m[32mdefault-[0;39m [31m2020-07-26 14:18:46[0;39m [32m[http-nio-8080-exec-5][0;39m [39mDEBUG[0;39m [1;35m  at org.apache.ibatis.logging.jdbc.BaseJdbcLogger.debug(BaseJdbcLogger.java:143)[0;39m- [1;30m<==      Total: 6
[0;39m