[32mdefault-[0;39m [31m2020-07-21 16:24:05[0;39m [32m[main][0;39m [34mINFO [0;39m [1;35m  at org.springframework.boot.StartupInfoLogger.logStarting(StartupInfoLogger.java:50)[0;39m- [1;30mStarting JeecgApplication on DESKTOP-7I21J53 with PID 2060 (C:\AllOfficialProject\school\jeecg-boot\jeecg-boot-module-system\target\classes started by whs in C:\AllOfficialProject\school\jeecg-boot)
[0;39m[32mdefault-[0;39m [31m2020-07-21 16:24:05[0;39m [32m[main][0;39m [34mINFO [0;39m [1;35m  at org.springframework.boot.SpringApplication.logStartupProfileInfo(SpringApplication.java:679)[0;39m- [1;30mThe following profiles are active: dev
[0;39m[32mdefault-[0;39m [31m2020-07-21 16:24:07[0;39m [32m[main][0;39m [34mINFO [0;39m [1;35m  at org.springframework.data.repository.config.RepositoryConfigurationDelegate.multipleStoresDetected(RepositoryConfigurationDelegate.java:244)[0;39m- [1;30mMultiple Spring Data modules found, entering strict repository configuration mode!
[0;39m[32mdefault-[0;39m [31m2020-07-21 16:24:07[0;39m [32m[main][0;39m [34mINFO [0;39m [1;35m  at org.springframework.data.repository.config.RepositoryConfigurationDelegate.registerRepositoriesIn(RepositoryConfigurationDelegate.java:126)[0;39m- [1;30mBootstrapping Spring Data repositories in DEFAULT mode.
[0;39m[32mdefault-[0;39m [31m2020-07-21 16:24:08[0;39m [32m[main][0;39m [34mINFO [0;39m [1;35m  at org.springframework.data.repository.config.RepositoryConfigurationDelegate.registerRepositoriesIn(RepositoryConfigurationDelegate.java:182)[0;39m- [1;30mFinished Spring Data repository scanning in 139ms. Found 0 repository interfaces.
[0;39m[32mdefault-[0;39m [31m2020-07-21 16:24:08[0;39m [32m[main][0;39m [34mINFO [0;39m [1;35m  at org.springframework.context.support.PostProcessorRegistrationDelegate$BeanPostProcessorChecker.postProcessAfterInitialization(PostProcessorRegistrationDelegate.java:330)[0;39m- [1;30mBean 'shiroConfig' of type [org.jeecg.config.ShiroConfig$$EnhancerBySpringCGLIB$$1372d250] is not eligible for getting processed by all BeanPostProcessors (for example: not eligible for auto-proxying)
[0;39m[32mdefault-[0;39m [31m2020-07-21 16:24:08[0;39m [32m[main][0;39m [34mINFO [0;39m [1;35m  at org.springframework.context.support.PostProcessorRegistrationDelegate$BeanPostProcessorChecker.postProcessAfterInitialization(PostProcessorRegistrationDelegate.java:330)[0;39m- [1;30mBean 'shiroRealm' of type [org.jeecg.modules.shiro.authc.ShiroRealm] is not eligible for getting processed by all BeanPostProcessors (for example: not eligible for auto-proxying)
[0;39m[32mdefault-[0;39m [31m2020-07-21 16:24:08[0;39m [32m[main][0;39m [34mINFO [0;39m [1;35m  at org.jeecg.config.ShiroConfig.redisCacheManager(ShiroConfig.java:192)[0;39m- [1;30m===============(1)创建缓存管理器RedisCacheManager
[0;39m[32mdefault-[0;39m [31m2020-07-21 16:24:08[0;39m [32m[main][0;39m [34mINFO [0;39m [1;35m  at org.jeecg.config.ShiroConfig.redisManager(ShiroConfig.java:210)[0;39m- [1;30m===============(2)创建RedisManager,连接Redis..URL= localhost:6379
[0;39m[32mdefault-[0;39m [31m2020-07-21 16:24:08[0;39m [32m[main][0;39m [34mINFO [0;39m [1;35m  at org.springframework.context.support.PostProcessorRegistrationDelegate$BeanPostProcessorChecker.postProcessAfterInitialization(PostProcessorRegistrationDelegate.java:330)[0;39m- [1;30mBean 'redisManager' of type [org.crazycake.shiro.RedisManager] is not eligible for getting processed by all BeanPostProcessors (for example: not eligible for auto-proxying)
[0;39m[32mdefault-[0;39m [31m2020-07-21 16:24:08[0;39m [32m[main][0;39m [34mINFO [0;39m [1;35m  at org.springframework.context.support.PostProcessorRegistrationDelegate$BeanPostProcessorChecker.postProcessAfterInitialization(PostProcessorRegistrationDelegate.java:330)[0;39m- [1;30mBean 'securityManager' of type [org.apache.shiro.web.mgt.DefaultWebSecurityManager] is not eligible for getting processed by all BeanPostProcessors (for example: not eligible for auto-proxying)
[0;39m[32mdefault-[0;39m [31m2020-07-21 16:24:08[0;39m [32m[main][0;39m [34mINFO [0;39m [1;35m  at org.springframework.context.support.PostProcessorRegistrationDelegate$BeanPostProcessorChecker.postProcessAfterInitialization(PostProcessorRegistrationDelegate.java:330)[0;39m- [1;30mBean 'authorizationAttributeSourceAdvisor' of type [org.apache.shiro.spring.security.interceptor.AuthorizationAttributeSourceAdvisor] is not eligible for getting processed by all BeanPostProcessors (for example: not eligible for auto-proxying)
[0;39m[32mdefault-[0;39m [31m2020-07-21 16:24:09[0;39m [32m[main][0;39m [34mINFO [0;39m [1;35m  at org.springframework.context.support.PostProcessorRegistrationDelegate$BeanPostProcessorChecker.postProcessAfterInitialization(PostProcessorRegistrationDelegate.java:330)[0;39m- [1;30mBean 'org.springframework.transaction.annotation.ProxyTransactionManagementConfiguration' of type [org.springframework.transaction.annotation.ProxyTransactionManagementConfiguration$$EnhancerBySpringCGLIB$$f36d68ba] is not eligible for getting processed by all BeanPostProcessors (for example: not eligible for auto-proxying)
[0;39m[32mdefault-[0;39m [31m2020-07-21 16:24:09[0;39m [32m[main][0;39m [34mINFO [0;39m [1;35m  at org.springframework.context.support.PostProcessorRegistrationDelegate$BeanPostProcessorChecker.postProcessAfterInitialization(PostProcessorRegistrationDelegate.java:330)[0;39m- [1;30mBean 'spring.datasource.dynamic-com.baomidou.dynamic.datasource.spring.boot.autoconfigure.DynamicDataSourceProperties' of type [com.baomidou.dynamic.datasource.spring.boot.autoconfigure.DynamicDataSourceProperties] is not eligible for getting processed by all BeanPostProcessors (for example: not eligible for auto-proxying)
[0;39m[32mdefault-[0;39m [31m2020-07-21 16:24:09[0;39m [32m[main][0;39m [34mINFO [0;39m [1;35m  at org.springframework.context.support.PostProcessorRegistrationDelegate$BeanPostProcessorChecker.postProcessAfterInitialization(PostProcessorRegistrationDelegate.java:330)[0;39m- [1;30mBean 'com.baomidou.dynamic.datasource.spring.boot.autoconfigure.DynamicDataSourceAutoConfiguration' of type [com.baomidou.dynamic.datasource.spring.boot.autoconfigure.DynamicDataSourceAutoConfiguration$$EnhancerBySpringCGLIB$$5cfbd98b] is not eligible for getting processed by all BeanPostProcessors (for example: not eligible for auto-proxying)
[0;39m[32mdefault-[0;39m [31m2020-07-21 16:24:09[0;39m [32m[main][0;39m [34mINFO [0;39m [1;35m  at org.springframework.context.support.PostProcessorRegistrationDelegate$BeanPostProcessorChecker.postProcessAfterInitialization(PostProcessorRegistrationDelegate.java:330)[0;39m- [1;30mBean 'dsProcessor' of type [com.baomidou.dynamic.datasource.processor.DsHeaderProcessor] is not eligible for getting processed by all BeanPostProcessors (for example: not eligible for auto-proxying)
[0;39m[32mdefault-[0;39m [31m2020-07-21 16:24:09[0;39m [32m[main][0;39m [34mINFO [0;39m [1;35m  at org.springframework.context.support.PostProcessorRegistrationDelegate$BeanPostProcessorChecker.postProcessAfterInitialization(PostProcessorRegistrationDelegate.java:330)[0;39m- [1;30mBean 'dynamicDatasourceAnnotationAdvisor' of type [com.baomidou.dynamic.datasource.aop.DynamicDataSourceAnnotationAdvisor] is not eligible for getting processed by all BeanPostProcessors (for example: not eligible for auto-proxying)
[0;39m[32mdefault-[0;39m [31m2020-07-21 16:24:09[0;39m [32m[main][0;39m [34mINFO [0;39m [1;35m  at org.springframework.context.support.PostProcessorRegistrationDelegate$BeanPostProcessorChecker.postProcessAfterInitialization(PostProcessorRegistrationDelegate.java:330)[0;39m- [1;30mBean 'spring.redis-org.springframework.boot.autoconfigure.data.redis.RedisProperties' of type [org.springframework.boot.autoconfigure.data.redis.RedisProperties] is not eligible for getting processed by all BeanPostProcessors (for example: not eligible for auto-proxying)
[0;39m[32mdefault-[0;39m [31m2020-07-21 16:24:09[0;39m [32m[main][0;39m [34mINFO [0;39m [1;35m  at org.springframework.context.support.PostProcessorRegistrationDelegate$BeanPostProcessorChecker.postProcessAfterInitialization(PostProcessorRegistrationDelegate.java:330)[0;39m- [1;30mBean 'org.springframework.boot.autoconfigure.data.redis.LettuceConnectionConfiguration' of type [org.springframework.boot.autoconfigure.data.redis.LettuceConnectionConfiguration$$EnhancerBySpringCGLIB$$8872704] is not eligible for getting processed by all BeanPostProcessors (for example: not eligible for auto-proxying)
[0;39m[32mdefault-[0;39m [31m2020-07-21 16:24:09[0;39m [32m[main][0;39m [34mINFO [0;39m [1;35m  at org.springframework.context.support.PostProcessorRegistrationDelegate$BeanPostProcessorChecker.postProcessAfterInitialization(PostProcessorRegistrationDelegate.java:330)[0;39m- [1;30mBean 'lettuceClientResources' of type [io.lettuce.core.resource.DefaultClientResources] is not eligible for getting processed by all BeanPostProcessors (for example: not eligible for auto-proxying)
[0;39m[32mdefault-[0;39m [31m2020-07-21 16:24:09[0;39m [32m[main][0;39m [34mINFO [0;39m [1;35m  at org.springframework.context.support.PostProcessorRegistrationDelegate$BeanPostProcessorChecker.postProcessAfterInitialization(PostProcessorRegistrationDelegate.java:330)[0;39m- [1;30mBean 'redisConnectionFactory' of type [org.springframework.data.redis.connection.lettuce.LettuceConnectionFactory] is not eligible for getting processed by all BeanPostProcessors (for example: not eligible for auto-proxying)
[0;39m[32mdefault-[0;39m [31m2020-07-21 16:24:09[0;39m [32m[main][0;39m [34mINFO [0;39m [1;35m  at org.springframework.context.support.PostProcessorRegistrationDelegate$BeanPostProcessorChecker.postProcessAfterInitialization(PostProcessorRegistrationDelegate.java:330)[0;39m- [1;30mBean 'redisConfig' of type [org.jeecg.config.RedisConfig$$EnhancerBySpringCGLIB$$5e41599a] is not eligible for getting processed by all BeanPostProcessors (for example: not eligible for auto-proxying)
[0;39m[32mdefault-[0;39m [31m2020-07-21 16:24:09[0;39m [32m[main][0;39m [34mINFO [0;39m [1;35m  at org.springframework.context.support.PostProcessorRegistrationDelegate$BeanPostProcessorChecker.postProcessAfterInitialization(PostProcessorRegistrationDelegate.java:330)[0;39m- [1;30mBean 'org.apache.shiro.spring.boot.autoconfigure.ShiroBeanAutoConfiguration' of type [org.apache.shiro.spring.boot.autoconfigure.ShiroBeanAutoConfiguration$$EnhancerBySpringCGLIB$$686466a] is not eligible for getting processed by all BeanPostProcessors (for example: not eligible for auto-proxying)
[0;39m[32mdefault-[0;39m [31m2020-07-21 16:24:09[0;39m [32m[main][0;39m [34mINFO [0;39m [1;35m  at org.springframework.context.support.PostProcessorRegistrationDelegate$BeanPostProcessorChecker.postProcessAfterInitialization(PostProcessorRegistrationDelegate.java:330)[0;39m- [1;30mBean 'eventBus' of type [org.apache.shiro.event.support.DefaultEventBus] is not eligible for getting processed by all BeanPostProcessors (for example: not eligible for auto-proxying)
[0;39m[32mdefault-[0;39m [31m2020-07-21 16:24:10[0;39m [32m[main][0;39m [34mINFO [0;39m [1;35m  at org.springframework.boot.web.embedded.tomcat.TomcatWebServer.initialize(TomcatWebServer.java:90)[0;39m- [1;30mTomcat initialized with port(s): 8080 (http)
[0;39m[32mdefault-[0;39m [31m2020-07-21 16:24:10[0;39m [32m[main][0;39m [34mINFO [0;39m [1;35m  at org.apache.juli.logging.DirectJDKLog.log(DirectJDKLog.java:173)[0;39m- [1;30mInitializing ProtocolHandler ["http-nio-8080"]
[0;39m[32mdefault-[0;39m [31m2020-07-21 16:24:10[0;39m [32m[main][0;39m [34mINFO [0;39m [1;35m  at org.apache.juli.logging.DirectJDKLog.log(DirectJDKLog.java:173)[0;39m- [1;30mStarting service [Tomcat]
[0;39m[32mdefault-[0;39m [31m2020-07-21 16:24:10[0;39m [32m[main][0;39m [34mINFO [0;39m [1;35m  at org.apache.juli.logging.DirectJDKLog.log(DirectJDKLog.java:173)[0;39m- [1;30mStarting Servlet engine: [Apache Tomcat/9.0.16]
[0;39m[32mdefault-[0;39m [31m2020-07-21 16:24:10[0;39m [32m[main][0;39m [34mINFO [0;39m [1;35m  at org.apache.juli.logging.DirectJDKLog.log(DirectJDKLog.java:173)[0;39m- [1;30mLoaded APR based Apache Tomcat Native library [1.2.23] using APR version [1.7.0].
[0;39m[32mdefault-[0;39m [31m2020-07-21 16:24:10[0;39m [32m[main][0;39m [34mINFO [0;39m [1;35m  at org.apache.juli.logging.DirectJDKLog.log(DirectJDKLog.java:173)[0;39m- [1;30mAPR capabilities: IPv6 [true], sendfile [true], accept filters [false], random [true].
[0;39m[32mdefault-[0;39m [31m2020-07-21 16:24:10[0;39m [32m[main][0;39m [34mINFO [0;39m [1;35m  at org.apache.juli.logging.DirectJDKLog.log(DirectJDKLog.java:173)[0;39m- [1;30mAPR/OpenSSL configuration: useAprConnector [false], useOpenSSL [true]
[0;39m[32mdefault-[0;39m [31m2020-07-21 16:24:10[0;39m [32m[main][0;39m [34mINFO [0;39m [1;35m  at org.apache.juli.logging.DirectJDKLog.log(DirectJDKLog.java:173)[0;39m- [1;30mOpenSSL successfully initialized [OpenSSL 1.1.1c  28 May 2019]
[0;39m[32mdefault-[0;39m [31m2020-07-21 16:24:10[0;39m [32m[main][0;39m [34mINFO [0;39m [1;35m  at org.apache.juli.logging.DirectJDKLog.log(DirectJDKLog.java:173)[0;39m- [1;30mInitializing Spring embedded WebApplicationContext
[0;39m[32mdefault-[0;39m [31m2020-07-21 16:24:10[0;39m [32m[main][0;39m [34mINFO [0;39m [1;35m  at org.springframework.boot.web.servlet.context.ServletWebServerApplicationContext.prepareWebApplicationContext(ServletWebServerApplicationContext.java:296)[0;39m- [1;30mRoot WebApplicationContext: initialization completed in 4581 ms
[0;39m[32mdefault-[0;39m [31m2020-07-21 16:24:10[0;39m [32m[main][0;39m [34mINFO [0;39m [1;35m  at com.baomidou.dynamic.datasource.DynamicDataSourceCreator.<init>(DynamicDataSourceCreator.java:113)[0;39m- [1;30m动态数据源-检测到druid存在,如配置中未指定type,druid会默认配置
[0;39m[32mdefault-[0;39m [31m2020-07-21 16:24:10[0;39m [32m[main][0;39m [34mINFO [0;39m [1;35m  at com.alibaba.druid.pool.DruidDataSource.init(DruidDataSource.java:1003)[0;39m- [1;30m{dataSource-1,master} inited
[0;39m[32mdefault-[0;39m [31m2020-07-21 16:24:10[0;39m [32m[main][0;39m [34mINFO [0;39m [1;35m  at com.baomidou.dynamic.datasource.DynamicRoutingDataSource.afterPropertiesSet(DynamicRoutingDataSource.java:203)[0;39m- [1;30m初始共加载 1 个数据源
[0;39m[32mdefault-[0;39m [31m2020-07-21 16:24:10[0;39m [32m[main][0;39m [34mINFO [0;39m [1;35m  at com.baomidou.dynamic.datasource.DynamicRoutingDataSource.addDataSource(DynamicRoutingDataSource.java:142)[0;39m- [1;30m动态数据源-加载 master 成功
[0;39m[32mdefault-[0;39m [31m2020-07-21 16:24:10[0;39m [32m[main][0;39m [34mINFO [0;39m [1;35m  at com.baomidou.dynamic.datasource.DynamicRoutingDataSource.afterPropertiesSet(DynamicRoutingDataSource.java:212)[0;39m- [1;30m当前的默认数据源是单数据源，数据源名为 master
[0;39m[32mdefault-[0;39m [31m2020-07-21 16:24:11[0;39m [32m[main][0;39m [34mINFO [0;39m [1;35m  at org.hibernate.jpa.internal.util.LogHelper.logPersistenceUnitInformation(LogHelper.java:31)[0;39m- [1;30mHHH000204: Processing PersistenceUnitInfo [
	name: default
	...]
[0;39m[32mdefault-[0;39m [31m2020-07-21 16:24:11[0;39m [32m[main][0;39m [34mINFO [0;39m [1;35m  at org.hibernate.Version.logVersion(Version.java:46)[0;39m- [1;30mHHH000412: Hibernate Core {5.3.7.Final}
[0;39m[32mdefault-[0;39m [31m2020-07-21 16:24:11[0;39m [32m[main][0;39m [34mINFO [0;39m [1;35m  at org.hibernate.cfg.Environment.<clinit>(Environment.java:213)[0;39m- [1;30mHHH000206: hibernate.properties not found
[0;39m[32mdefault-[0;39m [31m2020-07-21 16:24:11[0;39m [32m[main][0;39m [34mINFO [0;39m [1;35m  at org.hibernate.annotations.common.reflection.java.JavaReflectionManager.<clinit>(JavaReflectionManager.java:49)[0;39m- [1;30mHCANN000001: Hibernate Commons Annotations {5.0.4.Final}
[0;39m[32mdefault-[0;39m [31m2020-07-21 16:24:11[0;39m [32m[main][0;39m [34mINFO [0;39m [1;35m  at org.hibernate.dialect.Dialect.<init>(Dialect.java:157)[0;39m- [1;30mHHH000400: Using dialect: org.hibernate.dialect.MySQL5Dialect
[0;39m[32mdefault-[0;39m [31m2020-07-21 16:24:12[0;39m [32m[main][0;39m [34mINFO [0;39m [1;35m  at org.springframework.orm.jpa.AbstractEntityManagerFactoryBean.buildNativeEntityManagerFactory(AbstractEntityManagerFactoryBean.java:415)[0;39m- [1;30mInitialized JPA EntityManagerFactory for persistence unit 'default'
[0;39m[32mdefault-[0;39m [31m2020-07-21 16:24:12[0;39m [32m[main][0;39m [34mINFO [0;39m [1;35m  at org.flowable.spring.boot.AbstractEngineAutoConfiguration.discoverDeploymentResources(AbstractEngineAutoConfiguration.java:104)[0;39m- [1;30mNo deployment resources were found for autodeployment
[0;39m[32mdefault-[0;39m [31m2020-07-21 16:24:12[0;39m [32m[main][0;39m [34mINFO [0;39m [1;35m  at org.springframework.scheduling.concurrent.ExecutorConfigurationSupport.initialize(ExecutorConfigurationSupport.java:171)[0;39m- [1;30mInitializing ExecutorService 'applicationTaskExecutor'
[0;39m[32mdefault-[0;39m [31m2020-07-21 16:24:13[0;39m [32m[main][0;39m [34mINFO [0;39m [1;35m  at org.flowable.common.engine.impl.AbstractEngineConfiguration.initConfigurators(AbstractEngineConfiguration.java:970)[0;39m- [1;30mFound 2 Engine Configurators in total:
[0;39m[32mdefault-[0;39m [31m2020-07-21 16:24:13[0;39m [32m[main][0;39m [34mINFO [0;39m [1;35m  at org.flowable.common.engine.impl.AbstractEngineConfiguration.initConfigurators(AbstractEngineConfiguration.java:972)[0;39m- [1;30mclass org.flowable.eventregistry.spring.configurator.SpringEventRegistryConfigurator (priority:100000)
[0;39m[32mdefault-[0;39m [31m2020-07-21 16:24:13[0;39m [32m[main][0;39m [34mINFO [0;39m [1;35m  at org.flowable.common.engine.impl.AbstractEngineConfiguration.initConfigurators(AbstractEngineConfiguration.java:972)[0;39m- [1;30mclass org.flowable.idm.engine.configurator.IdmEngineConfigurator (priority:150000)
[0;39m[32mdefault-[0;39m [31m2020-07-21 16:24:13[0;39m [32m[main][0;39m [34mINFO [0;39m [1;35m  at org.flowable.common.engine.impl.AbstractEngineConfiguration.configuratorsBeforeInit(AbstractEngineConfiguration.java:998)[0;39m- [1;30mExecuting beforeInit() of class org.flowable.eventregistry.spring.configurator.SpringEventRegistryConfigurator (priority:100000)
[0;39m[32mdefault-[0;39m [31m2020-07-21 16:24:13[0;39m [32m[main][0;39m [34mINFO [0;39m [1;35m  at org.flowable.common.engine.impl.AbstractEngineConfiguration.configuratorsBeforeInit(AbstractEngineConfiguration.java:998)[0;39m- [1;30mExecuting beforeInit() of class org.flowable.idm.engine.configurator.IdmEngineConfigurator (priority:150000)
[0;39m[32mdefault-[0;39m [31m2020-07-21 16:24:14[0;39m [32m[main][0;39m [34mINFO [0;39m [1;35m  at org.flowable.common.engine.impl.AbstractEngineConfiguration.configuratorsAfterInit(AbstractEngineConfiguration.java:1005)[0;39m- [1;30mExecuting configure() of class org.flowable.eventregistry.spring.configurator.SpringEventRegistryConfigurator (priority:100000)
[0;39m[32mdefault-[0;39m [31m2020-07-21 16:24:15[0;39m [32m[main][0;39m [34mINFO [0;39m [1;35m  at liquibase.logging.core.Slf4jLogger.info(Slf4jLogger.java:42)[0;39m- [1;30mSELECT COUNT(*) FROM edusport.FLW_EV_DATABASECHANGELOGLOCK
[0;39m[32mdefault-[0;39m [31m2020-07-21 16:24:15[0;39m [32m[main][0;39m [34mINFO [0;39m [1;35m  at liquibase.logging.core.Slf4jLogger.info(Slf4jLogger.java:42)[0;39m- [1;30mSELECT COUNT(*) FROM edusport.FLW_EV_DATABASECHANGELOGLOCK
[0;39m[32mdefault-[0;39m [31m2020-07-21 16:24:15[0;39m [32m[main][0;39m [34mINFO [0;39m [1;35m  at liquibase.logging.core.Slf4jLogger.info(Slf4jLogger.java:42)[0;39m- [1;30mSELECT `LOCKED` FROM edusport.FLW_EV_DATABASECHANGELOGLOCK WHERE ID=1
[0;39m[32mdefault-[0;39m [31m2020-07-21 16:24:15[0;39m [32m[main][0;39m [34mINFO [0;39m [1;35m  at liquibase.logging.core.Slf4jLogger.info(Slf4jLogger.java:42)[0;39m- [1;30mSuccessfully acquired change log lock
[0;39m[32mdefault-[0;39m [31m2020-07-21 16:24:15[0;39m [32m[main][0;39m [34mINFO [0;39m [1;35m  at liquibase.logging.core.Slf4jLogger.info(Slf4jLogger.java:42)[0;39m- [1;30mSELECT MD5SUM FROM edusport.FLW_EV_DATABASECHANGELOG WHERE MD5SUM IS NOT NULL LIMIT 1
[0;39m[32mdefault-[0;39m [31m2020-07-21 16:24:15[0;39m [32m[main][0;39m [34mINFO [0;39m [1;35m  at liquibase.logging.core.Slf4jLogger.info(Slf4jLogger.java:42)[0;39m- [1;30mSELECT COUNT(*) FROM edusport.FLW_EV_DATABASECHANGELOG
[0;39m[32mdefault-[0;39m [31m2020-07-21 16:24:15[0;39m [32m[main][0;39m [34mINFO [0;39m [1;35m  at liquibase.logging.core.Slf4jLogger.info(Slf4jLogger.java:42)[0;39m- [1;30mReading from edusport.FLW_EV_DATABASECHANGELOG
[0;39m[32mdefault-[0;39m [31m2020-07-21 16:24:15[0;39m [32m[main][0;39m [34mINFO [0;39m [1;35m  at liquibase.logging.core.Slf4jLogger.info(Slf4jLogger.java:42)[0;39m- [1;30mSELECT * FROM edusport.FLW_EV_DATABASECHANGELOG ORDER BY DATEEXECUTED ASC, ORDEREXECUTED ASC
[0;39m[32mdefault-[0;39m [31m2020-07-21 16:24:16[0;39m [32m[main][0;39m [34mINFO [0;39m [1;35m  at liquibase.logging.core.Slf4jLogger.info(Slf4jLogger.java:42)[0;39m- [1;30mSuccessfully released change log lock
[0;39m[32mdefault-[0;39m [31m2020-07-21 16:24:16[0;39m [32m[main][0;39m [34mINFO [0;39m [1;35m  at org.flowable.eventregistry.impl.EventRegistryEngineImpl.<init>(EventRegistryEngineImpl.java:53)[0;39m- [1;30mEventRegistryEngine default created
[0;39m[32mdefault-[0;39m [31m2020-07-21 16:24:16[0;39m [32m[main][0;39m [34mINFO [0;39m [1;35m  at org.flowable.common.engine.impl.AbstractEngineConfiguration.configuratorsAfterInit(AbstractEngineConfiguration.java:1005)[0;39m- [1;30mExecuting configure() of class org.flowable.idm.engine.configurator.IdmEngineConfigurator (priority:150000)
[0;39m[32mdefault-[0;39m [31m2020-07-21 16:24:16[0;39m [32m[main][0;39m [34mINFO [0;39m [1;35m  at org.flowable.idm.engine.impl.IdmEngineImpl.<init>(IdmEngineImpl.java:52)[0;39m- [1;30mIdmEngine default created
[0;39m[32mdefault-[0;39m [31m2020-07-21 16:24:16[0;39m [32m[main][0;39m [34mINFO [0;39m [1;35m  at org.flowable.engine.impl.ProcessEngineImpl.<init>(ProcessEngineImpl.java:88)[0;39m- [1;30mProcessEngine default created
[0;39m[32mdefault-[0;39m [31m2020-07-21 16:24:16[0;39m [32m[main][0;39m [34mINFO [0;39m [1;35m  at org.flowable.engine.impl.cmd.ValidateV5EntitiesCmd.execute(ValidateV5EntitiesCmd.java:43)[0;39m- [1;30mTotal of v5 deployments found: 0
[0;39m[32mdefault-[0;39m [31m2020-07-21 16:24:20[0;39m [32m[main][0;39m [31mWARN [0;39m [1;35m  at com.baomidou.mybatisplus.core.metadata.TableInfoHelper.initTableFields(TableInfoHelper.java:285)[0;39m- [1;30mWarn: Could not find @TableId in Class: org.jeecg.modules.edusport.entity.GraphReport.
[0;39m[32mdefault-[0;39m [31m2020-07-21 16:24:22[0;39m [32m[main][0;39m [34mINFO [0;39m [1;35m  at org.quartz.impl.StdSchedulerFactory.instantiate(StdSchedulerFactory.java:1208)[0;39m- [1;30mUsing default implementation for ThreadExecutor
[0;39m[32mdefault-[0;39m [31m2020-07-21 16:24:22[0;39m [32m[main][0;39m [34mINFO [0;39m [1;35m  at org.quartz.core.SchedulerSignalerImpl.<init>(SchedulerSignalerImpl.java:61)[0;39m- [1;30mInitialized Scheduler Signaller of type: class org.quartz.core.SchedulerSignalerImpl
[0;39m[32mdefault-[0;39m [31m2020-07-21 16:24:22[0;39m [32m[main][0;39m [34mINFO [0;39m [1;35m  at org.quartz.core.QuartzScheduler.<init>(QuartzScheduler.java:229)[0;39m- [1;30mQuartz Scheduler v.2.3.0 created.
[0;39m[32mdefault-[0;39m [31m2020-07-21 16:24:22[0;39m [32m[main][0;39m [34mINFO [0;39m [1;35m  at org.quartz.impl.jdbcjobstore.JobStoreSupport.initialize(JobStoreSupport.java:672)[0;39m- [1;30mUsing db table-based data access locking (synchronization).
[0;39m[32mdefault-[0;39m [31m2020-07-21 16:24:22[0;39m [32m[main][0;39m [34mINFO [0;39m [1;35m  at org.quartz.impl.jdbcjobstore.JobStoreCMT.initialize(JobStoreCMT.java:145)[0;39m- [1;30mJobStoreCMT initialized.
[0;39m[32mdefault-[0;39m [31m2020-07-21 16:24:22[0;39m [32m[main][0;39m [34mINFO [0;39m [1;35m  at org.quartz.core.QuartzScheduler.initialize(QuartzScheduler.java:294)[0;39m- [1;30mScheduler meta-data: Quartz Scheduler (v2.3.0) 'quartzScheduler' with instanceId 'NON_CLUSTERED'
  Scheduler class: 'org.quartz.core.QuartzScheduler' - running locally.
  NOT STARTED.
  Currently in standby mode.
  Number of jobs executed: 0
  Using thread pool 'org.quartz.simpl.SimpleThreadPool' - with 10 threads.
  Using job-store 'org.springframework.scheduling.quartz.LocalDataSourceJobStore' - which supports persistence. and is not clustered.

[0;39m[32mdefault-[0;39m [31m2020-07-21 16:24:22[0;39m [32m[main][0;39m [34mINFO [0;39m [1;35m  at org.quartz.impl.StdSchedulerFactory.instantiate(StdSchedulerFactory.java:1362)[0;39m- [1;30mQuartz scheduler 'quartzScheduler' initialized from an externally provided properties instance.
[0;39m[32mdefault-[0;39m [31m2020-07-21 16:24:22[0;39m [32m[main][0;39m [34mINFO [0;39m [1;35m  at org.quartz.impl.StdSchedulerFactory.instantiate(StdSchedulerFactory.java:1366)[0;39m- [1;30mQuartz scheduler version: 2.3.0
[0;39m[32mdefault-[0;39m [31m2020-07-21 16:24:22[0;39m [32m[main][0;39m [34mINFO [0;39m [1;35m  at org.quartz.core.QuartzScheduler.setJobFactory(QuartzScheduler.java:2287)[0;39m- [1;30mJobFactory set to: org.springframework.scheduling.quartz.SpringBeanJobFactory@5d63d553
[0;39m[32mdefault-[0;39m [31m2020-07-21 16:24:24[0;39m [32m[main][0;39m [31mWARN [0;39m [1;35m  at org.springframework.boot.autoconfigure.orm.jpa.JpaBaseConfiguration$JpaWebConfiguration$JpaWebMvcConfiguration.openEntityManagerInViewInterceptor(JpaBaseConfiguration.java:236)[0;39m- [1;30mspring.jpa.open-in-view is enabled by default. Therefore, database queries may be performed during view rendering. Explicitly configure spring.jpa.open-in-view to disable this warning
[0;39m[32mdefault-[0;39m [31m2020-07-21 16:24:25[0;39m [32m[main][0;39m [34mINFO [0;39m [1;35m  at org.springframework.boot.actuate.endpoint.web.EndpointLinksResolver.<init>(EndpointLinksResolver.java:59)[0;39m- [1;30mExposing 2 endpoint(s) beneath base path '/actuator'
[0;39m[32mdefault-[0;39m [31m2020-07-21 16:24:25[0;39m [32m[main][0;39m [34mINFO [0;39m [1;35m  at springfox.documentation.spring.web.PropertySourcedRequestMappingHandlerMapping.initHandlerMethods(PropertySourcedRequestMappingHandlerMapping.java:69)[0;39m- [1;30mMapped URL path [/v2/api-docs] onto method [public org.springframework.http.ResponseEntity<springfox.documentation.spring.web.json.Json> springfox.documentation.swagger2.web.Swagger2Controller.getDocumentation(java.lang.String,javax.servlet.http.HttpServletRequest)]
[0;39m[32mdefault-[0;39m [31m2020-07-21 16:24:26[0;39m [32m[main][0;39m [34mINFO [0;39m [1;35m  at org.springframework.scheduling.concurrent.ExecutorConfigurationSupport.initialize(ExecutorConfigurationSupport.java:171)[0;39m- [1;30mInitializing ExecutorService
[0;39m[32mdefault-[0;39m [31m2020-07-21 16:24:26[0;39m [32m[main][0;39m [34mINFO [0;39m [1;35m  at springfox.documentation.spring.web.plugins.DocumentationPluginsBootstrapper.start(DocumentationPluginsBootstrapper.java:160)[0;39m- [1;30mContext refreshed
[0;39m[32mdefault-[0;39m [31m2020-07-21 16:24:26[0;39m [32m[main][0;39m [34mINFO [0;39m [1;35m  at springfox.documentation.spring.web.plugins.DocumentationPluginsBootstrapper.start(DocumentationPluginsBootstrapper.java:163)[0;39m- [1;30mFound 1 custom documentation plugin(s)
[0;39m[32mdefault-[0;39m [31m2020-07-21 16:24:26[0;39m [32m[main][0;39m [34mINFO [0;39m [1;35m  at springfox.documentation.spring.web.scanners.ApiListingReferenceScanner.scan(ApiListingReferenceScanner.java:41)[0;39m- [1;30mScanning for api listing references
[0;39m[32mdefault-[0;39m [31m2020-07-21 16:24:27[0;39m [32m[main][0;39m [34mINFO [0;39m [1;35m  at springfox.documentation.spring.web.readers.operation.CachingOperationNameGenerator.startingWith(CachingOperationNameGenerator.java:40)[0;39m- [1;30mGenerating unique operation named: addUsingPOST_1
[0;39m[32mdefault-[0;39m [31m2020-07-21 16:24:27[0;39m [32m[main][0;39m [34mINFO [0;39m [1;35m  at springfox.documentation.spring.web.readers.operation.CachingOperationNameGenerator.startingWith(CachingOperationNameGenerator.java:40)[0;39m- [1;30mGenerating unique operation named: deleteUsingDELETE_1
[0;39m[32mdefault-[0;39m [31m2020-07-21 16:24:27[0;39m [32m[main][0;39m [34mINFO [0;39m [1;35m  at springfox.documentation.spring.web.readers.operation.CachingOperationNameGenerator.startingWith(CachingOperationNameGenerator.java:40)[0;39m- [1;30mGenerating unique operation named: deleteBatchUsingDELETE_1
[0;39m[32mdefault-[0;39m [31m2020-07-21 16:24:27[0;39m [32m[main][0;39m [34mINFO [0;39m [1;35m  at springfox.documentation.spring.web.readers.operation.CachingOperationNameGenerator.startingWith(CachingOperationNameGenerator.java:40)[0;39m- [1;30mGenerating unique operation named: editUsingPUT_1
[0;39m[32mdefault-[0;39m [31m2020-07-21 16:24:27[0;39m [32m[main][0;39m [34mINFO [0;39m [1;35m  at springfox.documentation.spring.web.readers.operation.CachingOperationNameGenerator.startingWith(CachingOperationNameGenerator.java:40)[0;39m- [1;30mGenerating unique operation named: queryByIdUsingGET_1
[0;39m[32mdefault-[0;39m [31m2020-07-21 16:24:27[0;39m [32m[main][0;39m [34mINFO [0;39m [1;35m  at org.springframework.scheduling.quartz.SchedulerFactoryBean.startScheduler(SchedulerFactoryBean.java:726)[0;39m- [1;30mStarting Quartz Scheduler now
[0;39m[32mdefault-[0;39m [31m2020-07-21 16:24:27[0;39m [32m[main][0;39m [34mINFO [0;39m [1;35m  at org.quartz.impl.jdbcjobstore.JobStoreSupport.recoverJobs(JobStoreSupport.java:866)[0;39m- [1;30mFreed 0 triggers from 'acquired' / 'blocked' state.
[0;39m[32mdefault-[0;39m [31m2020-07-21 16:24:27[0;39m [32m[main][0;39m [34mINFO [0;39m [1;35m  at org.quartz.impl.jdbcjobstore.JobStoreSupport.recoverJobs(JobStoreSupport.java:876)[0;39m- [1;30mRecovering 0 jobs that were in-progress at the time of the last shut-down.
[0;39m[32mdefault-[0;39m [31m2020-07-21 16:24:27[0;39m [32m[main][0;39m [34mINFO [0;39m [1;35m  at org.quartz.impl.jdbcjobstore.JobStoreSupport.recoverJobs(JobStoreSupport.java:889)[0;39m- [1;30mRecovery complete.
[0;39m[32mdefault-[0;39m [31m2020-07-21 16:24:27[0;39m [32m[main][0;39m [34mINFO [0;39m [1;35m  at org.quartz.impl.jdbcjobstore.JobStoreSupport.recoverJobs(JobStoreSupport.java:896)[0;39m- [1;30mRemoved 0 'complete' triggers.
[0;39m[32mdefault-[0;39m [31m2020-07-21 16:24:27[0;39m [32m[main][0;39m [34mINFO [0;39m [1;35m  at org.quartz.impl.jdbcjobstore.JobStoreSupport.recoverJobs(JobStoreSupport.java:901)[0;39m- [1;30mRemoved 0 stale fired job entries.
[0;39m[32mdefault-[0;39m [31m2020-07-21 16:24:27[0;39m [32m[main][0;39m [34mINFO [0;39m [1;35m  at org.quartz.core.QuartzScheduler.start(QuartzScheduler.java:547)[0;39m- [1;30mScheduler quartzScheduler_$_NON_CLUSTERED started.
[0;39m[32mdefault-[0;39m [31m2020-07-21 16:24:27[0;39m [32m[main][0;39m [34mINFO [0;39m [1;35m  at org.apache.juli.logging.DirectJDKLog.log(DirectJDKLog.java:173)[0;39m- [1;30mStarting ProtocolHandler ["http-nio-8080"]
[0;39m[32mdefault-[0;39m [31m2020-07-21 16:24:27[0;39m [32m[main][0;39m [34mINFO [0;39m [1;35m  at org.springframework.boot.web.embedded.tomcat.TomcatWebServer.start(TomcatWebServer.java:204)[0;39m- [1;30mTomcat started on port(s): 8080 (http) with context path '/edusport'
[0;39m[32mdefault-[0;39m [31m2020-07-21 16:24:27[0;39m [32m[main][0;39m [34mINFO [0;39m [1;35m  at org.springframework.boot.StartupInfoLogger.logStarted(StartupInfoLogger.java:59)[0;39m- [1;30mStarted JeecgApplication in 23.081 seconds (JVM running for 24.657)
[0;39m[32mdefault-[0;39m [31m2020-07-21 16:24:27[0;39m [32m[main][0;39m [34mINFO [0;39m [1;35m  at org.jeecg.JeecgApplication.main(JeecgApplication.java:35)[0;39m- [1;30m
----------------------------------------------------------
	Application Jeecg-Boot is running! Access URLs:
	Local: 		http://localhost:8080/edusport/
	External: 	http://192.168.11.101:8080/edusport/
	swagger-ui: 	http://192.168.11.101:8080/edusport/swagger-ui.html
	Doc: 		http://192.168.11.101:8080/edusport/doc.html
----------------------------------------------------------
[0;39m[32mdefault-[0;39m [31m2020-07-21 16:24:27[0;39m [32m[RMI TCP Connection(1)-192.168.11.101][0;39m [34mINFO [0;39m [1;35m  at org.apache.juli.logging.DirectJDKLog.log(DirectJDKLog.java:173)[0;39m- [1;30mInitializing Spring DispatcherServlet 'dispatcherServlet'
[0;39m[32mdefault-[0;39m [31m2020-07-21 16:24:27[0;39m [32m[RMI TCP Connection(1)-192.168.11.101][0;39m [34mINFO [0;39m [1;35m  at org.springframework.web.servlet.FrameworkServlet.initServletBean(FrameworkServlet.java:524)[0;39m- [1;30mInitializing Servlet 'dispatcherServlet'
[0;39m[32mdefault-[0;39m [31m2020-07-21 16:24:27[0;39m [32m[RMI TCP Connection(1)-192.168.11.101][0;39m [34mINFO [0;39m [1;35m  at org.springframework.web.servlet.FrameworkServlet.initServletBean(FrameworkServlet.java:546)[0;39m- [1;30mCompleted initialization in 23 ms
[0;39m[32mdefault-[0;39m [31m2020-07-21 16:24:28[0;39m [32m[RMI TCP Connection(3)-192.168.11.101][0;39m [34mINFO [0;39m [1;35m  at io.lettuce.core.EpollProvider.<clinit>(EpollProvider.java:68)[0;39m- [1;30mStarting without optional epoll library
[0;39m[32mdefault-[0;39m [31m2020-07-21 16:24:28[0;39m [32m[RMI TCP Connection(3)-192.168.11.101][0;39m [34mINFO [0;39m [1;35m  at io.lettuce.core.KqueueProvider.<clinit>(KqueueProvider.java:70)[0;39m- [1;30mStarting without optional kqueue library
[0;39m[32mdefault-[0;39m [31m2020-07-21 16:25:36[0;39m [32m[http-nio-8080-exec-1][0;39m [34mINFO [0;39m [1;35m  at org.jeecg.modules.shiro.authc.ShiroRealm.doGetAuthenticationInfo(ShiroRealm.java:96)[0;39m- [1;30m————————验证身份——————————IP地址:  127.0.0.1
[0;39m[32mdefault-[0;39m [31m2020-07-21 16:25:36[0;39m [32m[http-nio-8080-exec-1][0;39m [34mINFO [0;39m [1;35m  at org.jeecg.modules.shiro.authc.ShiroRealm.checkUserTokenIsEffect(ShiroRealm.java:119)[0;39m- [1;30m———校验token是否有效————checkUserTokenIsEffect——————— eyJ0eXAiOiJKV1QiLCJhbGciOiJIUzI1NiJ9.eyJleHAiOjE1OTUwNzE4MzAsInVzZXJuYW1lIjoiMTM1NzY5NzY5NjgifQ.w6_6Iqh-z8ZIRbhjOWYRlGuojrE9MLjYonTEHcJcTW4
[0;39m[32mdefault-[0;39m [31m2020-07-21 16:25:36[0;39m [32m[http-nio-8080-exec-1][0;39m [39mDEBUG[0;39m [1;35m  at org.apache.ibatis.logging.jdbc.BaseJdbcLogger.debug(BaseJdbcLogger.java:143)[0;39m- [1;30m==>  Preparing: select * from sys_user where username = ? and del_flag = '0' 
[0;39m[32mdefault-[0;39m [31m2020-07-21 16:25:36[0;39m [32m[http-nio-8080-exec-1][0;39m [39mDEBUG[0;39m [1;35m  at org.apache.ibatis.logging.jdbc.BaseJdbcLogger.debug(BaseJdbcLogger.java:143)[0;39m- [1;30m==> Parameters: 13576976968(String)
[0;39m[32mdefault-[0;39m [31m2020-07-21 16:25:36[0;39m [32m[http-nio-8080-exec-1][0;39m [39mDEBUG[0;39m [1;35m  at org.apache.ibatis.logging.jdbc.BaseJdbcLogger.debug(BaseJdbcLogger.java:143)[0;39m- [1;30m<==      Total: 1
[0;39m[32mdefault-[0;39m [31m2020-07-21 16:25:36[0;39m [32m[http-nio-8080-exec-1][0;39m [1;31mERROR[0;39m [1;35m  at org.apache.juli.logging.DirectJDKLog.log(DirectJDKLog.java:175)[0;39m- [1;30mServlet.service() for servlet [dispatcherServlet] in context with path [/edusport] threw exception [org.apache.shiro.authc.AuthenticationException: Token失效，请重新登录] with root causeorg.apache.shiro.authc.AuthenticationException: Token失效，请重新登录!
	at org.jeecg.modules.shiro.authc.ShiroRealm.checkUserTokenIsEffect(ShiroRealm.java:130)
	at org.jeecg.modules.shiro.authc.ShiroRealm.doGetAuthenticationInfo(ShiroRealm.java:102)
	at org.apache.shiro.realm.AuthenticatingRealm.getAuthenticationInfo(AuthenticatingRealm.java:571)
	at org.apache.shiro.authc.pam.ModularRealmAuthenticator.doSingleRealmAuthentication(ModularRealmAuthenticator.java:180)
	at org.apache.shiro.authc.pam.ModularRealmAuthenticator.doAuthenticate(ModularRealmAuthenticator.java:267)
	at org.apache.shiro.authc.AbstractAuthenticator.authenticate(AbstractAuthenticator.java:198)
	at org.apache.shiro.mgt.AuthenticatingSecurityManager.authenticate(AuthenticatingSecurityManager.java:106)
	at org.apache.shiro.mgt.DefaultSecurityManager.login(DefaultSecurityManager.java:274)
	at org.apache.shiro.subject.support.DelegatingSubject.login(DelegatingSubject.java:260)
	at org.jeecg.modules.shiro.authc.aop.JwtFilter.executeLogin(JwtFilter.java:51)
	at org.jeecg.modules.shiro.authc.aop.JwtFilter.isAccessAllowed(JwtFilter.java:34)
	at org.apache.shiro.web.filter.AccessControlFilter.onPreHandle(AccessControlFilter.java:162)
	at org.apache.shiro.web.filter.PathMatchingFilter.isFilterChainContinued(PathMatchingFilter.java:203)
	at org.apache.shiro.web.filter.PathMatchingFilter.preHandle(PathMatchingFilter.java:178)
	at org.jeecg.modules.shiro.authc.aop.JwtFilter.preHandle(JwtFilter.java:71)
	at org.apache.shiro.web.servlet.AdviceFilter.doFilterInternal(AdviceFilter.java:131)
	at org.apache.shiro.web.servlet.OncePerRequestFilter.doFilter(OncePerRequestFilter.java:125)
	at org.apache.shiro.web.servlet.ProxiedFilterChain.doFilter(ProxiedFilterChain.java:66)
	at org.apache.shiro.web.servlet.AbstractShiroFilter.executeChain(AbstractShiroFilter.java:449)
	at org.apache.shiro.web.servlet.AbstractShiroFilter$1.call(AbstractShiroFilter.java:365)
	at org.apache.shiro.subject.support.SubjectCallable.doCall(SubjectCallable.java:90)
	at org.apache.shiro.subject.support.SubjectCallable.call(SubjectCallable.java:83)
	at org.apache.shiro.subject.support.DelegatingSubject.execute(DelegatingSubject.java:387)
	at org.apache.shiro.web.servlet.AbstractShiroFilter.doFilterInternal(AbstractShiroFilter.java:362)
	at org.apache.shiro.web.servlet.OncePerRequestFilter.doFilter(OncePerRequestFilter.java:125)
	at org.apache.catalina.core.ApplicationFilterChain.internalDoFilter(ApplicationFilterChain.java:193)
	at org.apache.catalina.core.ApplicationFilterChain.doFilter(ApplicationFilterChain.java:166)
	at com.alibaba.druid.support.http.WebStatFilter.doFilter(WebStatFilter.java:124)
	at org.apache.catalina.core.ApplicationFilterChain.internalDoFilter(ApplicationFilterChain.java:193)
	at org.apache.catalina.core.ApplicationFilterChain.doFilter(ApplicationFilterChain.java:166)
	at org.springframework.boot.actuate.web.trace.servlet.HttpTraceFilter.doFilterInternal(HttpTraceFilter.java:90)
	at org.springframework.web.filter.OncePerRequestFilter.doFilter(OncePerRequestFilter.java:107)
	at org.apache.catalina.core.ApplicationFilterChain.internalDoFilter(ApplicationFilterChain.java:193)
	at org.apache.catalina.core.ApplicationFilterChain.doFilter(ApplicationFilterChain.java:166)
	at org.springframework.web.filter.RequestContextFilter.doFilterInternal(RequestContextFilter.java:99)
	at org.springframework.web.filter.OncePerRequestFilter.doFilter(OncePerRequestFilter.java:107)
	at org.apache.catalina.core.ApplicationFilterChain.internalDoFilter(ApplicationFilterChain.java:193)
	at org.apache.catalina.core.ApplicationFilterChain.doFilter(ApplicationFilterChain.java:166)
	at org.springframework.web.filter.FormContentFilter.doFilterInternal(FormContentFilter.java:92)
	at org.springframework.web.filter.OncePerRequestFilter.doFilter(OncePerRequestFilter.java:107)
	at org.apache.catalina.core.ApplicationFilterChain.internalDoFilter(ApplicationFilterChain.java:193)
	at org.apache.catalina.core.ApplicationFilterChain.doFilter(ApplicationFilterChain.java:166)
	at org.springframework.web.filter.HiddenHttpMethodFilter.doFilterInternal(HiddenHttpMethodFilter.java:93)
	at org.springframework.web.filter.OncePerRequestFilter.doFilter(OncePerRequestFilter.java:107)
	at org.apache.catalina.core.ApplicationFilterChain.internalDoFilter(ApplicationFilterChain.java:193)
	at org.apache.catalina.core.ApplicationFilterChain.doFilter(ApplicationFilterChain.java:166)
	at org.springframework.boot.actuate.metrics.web.servlet.WebMvcMetricsFilter.filterAndRecordMetrics(WebMvcMetricsFilter.java:117)
	at org.springframework.boot.actuate.metrics.web.servlet.WebMvcMetricsFilter.doFilterInternal(WebMvcMetricsFilter.java:106)
	at org.springframework.web.filter.OncePerRequestFilter.doFilter(OncePerRequestFilter.java:107)
	at org.apache.catalina.core.ApplicationFilterChain.internalDoFilter(ApplicationFilterChain.java:193)
	at org.apache.catalina.core.ApplicationFilterChain.doFilter(ApplicationFilterChain.java:166)
	at org.springframework.web.filter.CharacterEncodingFilter.doFilterInternal(CharacterEncodingFilter.java:200)
	at org.springframework.web.filter.OncePerRequestFilter.doFilter(OncePerRequestFilter.java:107)
	at org.apache.catalina.core.ApplicationFilterChain.internalDoFilter(ApplicationFilterChain.java:193)
	at org.apache.catalina.core.ApplicationFilterChain.doFilter(ApplicationFilterChain.java:166)
	at org.apache.catalina.core.StandardWrapperValve.invoke(StandardWrapperValve.java:200)
	at org.apache.catalina.core.StandardContextValve.invoke(StandardContextValve.java:96)
	at org.apache.catalina.authenticator.AuthenticatorBase.invoke(AuthenticatorBase.java:490)
	at org.apache.catalina.core.StandardHostValve.invoke(StandardHostValve.java:139)
	at org.apache.catalina.valves.ErrorReportValve.invoke(ErrorReportValve.java:92)
	at org.apache.catalina.core.StandardEngineValve.invoke(StandardEngineValve.java:74)
	at org.apache.catalina.connector.CoyoteAdapter.service(CoyoteAdapter.java:343)
	at org.apache.coyote.http11.Http11Processor.service(Http11Processor.java:408)
	at org.apache.coyote.AbstractProcessorLight.process(AbstractProcessorLight.java:66)
	at org.apache.coyote.AbstractProtocol$ConnectionHandler.process(AbstractProtocol.java:834)
	at org.apache.tomcat.util.net.NioEndpoint$SocketProcessor.doRun(NioEndpoint.java:1415)
	at org.apache.tomcat.util.net.SocketProcessorBase.run(SocketProcessorBase.java:49)
	at java.util.concurrent.ThreadPoolExecutor.runWorker(ThreadPoolExecutor.java:1142)
	at java.util.concurrent.ThreadPoolExecutor$Worker.run(ThreadPoolExecutor.java:617)
	at org.apache.tomcat.util.threads.TaskThread$WrappingRunnable.run(TaskThread.java:61)
	at java.lang.Thread.run(Thread.java:748)

[0;39morg.apache.shiro.authc.AuthenticationException: Token失效，请重新登录!
	at org.jeecg.modules.shiro.authc.ShiroRealm.checkUserTokenIsEffect(ShiroRealm.java:130)
	at org.jeecg.modules.shiro.authc.ShiroRealm.doGetAuthenticationInfo(ShiroRealm.java:102)
	at org.apache.shiro.realm.AuthenticatingRealm.getAuthenticationInfo(AuthenticatingRealm.java:571)
	at org.apache.shiro.authc.pam.ModularRealmAuthenticator.doSingleRealmAuthentication(ModularRealmAuthenticator.java:180)
	at org.apache.shiro.authc.pam.ModularRealmAuthenticator.doAuthenticate(ModularRealmAuthenticator.java:267)
	at org.apache.shiro.authc.AbstractAuthenticator.authenticate(AbstractAuthenticator.java:198)
	at org.apache.shiro.mgt.AuthenticatingSecurityManager.authenticate(AuthenticatingSecurityManager.java:106)
	at org.apache.shiro.mgt.DefaultSecurityManager.login(DefaultSecurityManager.java:274)
	at org.apache.shiro.subject.support.DelegatingSubject.login(DelegatingSubject.java:260)
	at org.jeecg.modules.shiro.authc.aop.JwtFilter.executeLogin(JwtFilter.java:51)
	at org.jeecg.modules.shiro.authc.aop.JwtFilter.isAccessAllowed(JwtFilter.java:34)
	at org.apache.shiro.web.filter.AccessControlFilter.onPreHandle(AccessControlFilter.java:162)
	at org.apache.shiro.web.filter.PathMatchingFilter.isFilterChainContinued(PathMatchingFilter.java:203)
	at org.apache.shiro.web.filter.PathMatchingFilter.preHandle(PathMatchingFilter.java:178)
	at org.jeecg.modules.shiro.authc.aop.JwtFilter.preHandle(JwtFilter.java:71)
	at org.apache.shiro.web.servlet.AdviceFilter.doFilterInternal(AdviceFilter.java:131)
	at org.apache.shiro.web.servlet.OncePerRequestFilter.doFilter(OncePerRequestFilter.java:125)
	at org.apache.shiro.web.servlet.ProxiedFilterChain.doFilter(ProxiedFilterChain.java:66)
	at org.apache.shiro.web.servlet.AbstractShiroFilter.executeChain(AbstractShiroFilter.java:449)
	at org.apache.shiro.web.servlet.AbstractShiroFilter$1.call(AbstractShiroFilter.java:365)
	at org.apache.shiro.subject.support.SubjectCallable.doCall(SubjectCallable.java:90)
	at org.apache.shiro.subject.support.SubjectCallable.call(SubjectCallable.java:83)
	at org.apache.shiro.subject.support.DelegatingSubject.execute(DelegatingSubject.java:387)
	at org.apache.shiro.web.servlet.AbstractShiroFilter.doFilterInternal(AbstractShiroFilter.java:362)
	at org.apache.shiro.web.servlet.OncePerRequestFilter.doFilter(OncePerRequestFilter.java:125)
	at org.apache.catalina.core.ApplicationFilterChain.internalDoFilter(ApplicationFilterChain.java:193)
	at org.apache.catalina.core.ApplicationFilterChain.doFilter(ApplicationFilterChain.java:166)
	at com.alibaba.druid.support.http.WebStatFilter.doFilter(WebStatFilter.java:124)
	at org.apache.catalina.core.ApplicationFilterChain.internalDoFilter(ApplicationFilterChain.java:193)
	at org.apache.catalina.core.ApplicationFilterChain.doFilter(ApplicationFilterChain.java:166)
	at org.springframework.boot.actuate.web.trace.servlet.HttpTraceFilter.doFilterInternal(HttpTraceFilter.java:90)
	at org.springframework.web.filter.OncePerRequestFilter.doFilter(OncePerRequestFilter.java:107)
	at org.apache.catalina.core.ApplicationFilterChain.internalDoFilter(ApplicationFilterChain.java:193)
	at org.apache.catalina.core.ApplicationFilterChain.doFilter(ApplicationFilterChain.java:166)
	at org.springframework.web.filter.RequestContextFilter.doFilterInternal(RequestContextFilter.java:99)
	at org.springframework.web.filter.OncePerRequestFilter.doFilter(OncePerRequestFilter.java:107)
	at org.apache.catalina.core.ApplicationFilterChain.internalDoFilter(ApplicationFilterChain.java:193)
	at org.apache.catalina.core.ApplicationFilterChain.doFilter(ApplicationFilterChain.java:166)
	at org.springframework.web.filter.FormContentFilter.doFilterInternal(FormContentFilter.java:92)
	at org.springframework.web.filter.OncePerRequestFilter.doFilter(OncePerRequestFilter.java:107)
	at org.apache.catalina.core.ApplicationFilterChain.internalDoFilter(ApplicationFilterChain.java:193)
	at org.apache.catalina.core.ApplicationFilterChain.doFilter(ApplicationFilterChain.java:166)
	at org.springframework.web.filter.HiddenHttpMethodFilter.doFilterInternal(HiddenHttpMethodFilter.java:93)
	at org.springframework.web.filter.OncePerRequestFilter.doFilter(OncePerRequestFilter.java:107)
	at org.apache.catalina.core.ApplicationFilterChain.internalDoFilter(ApplicationFilterChain.java:193)
	at org.apache.catalina.core.ApplicationFilterChain.doFilter(ApplicationFilterChain.java:166)
	at org.springframework.boot.actuate.metrics.web.servlet.WebMvcMetricsFilter.filterAndRecordMetrics(WebMvcMetricsFilter.java:117)
	at org.springframework.boot.actuate.metrics.web.servlet.WebMvcMetricsFilter.doFilterInternal(WebMvcMetricsFilter.java:106)
	at org.springframework.web.filter.OncePerRequestFilter.doFilter(OncePerRequestFilter.java:107)
	at org.apache.catalina.core.ApplicationFilterChain.internalDoFilter(ApplicationFilterChain.java:193)
	at org.apache.catalina.core.ApplicationFilterChain.doFilter(ApplicationFilterChain.java:166)
	at org.springframework.web.filter.CharacterEncodingFilter.doFilterInternal(CharacterEncodingFilter.java:200)
	at org.springframework.web.filter.OncePerRequestFilter.doFilter(OncePerRequestFilter.java:107)
	at org.apache.catalina.core.ApplicationFilterChain.internalDoFilter(ApplicationFilterChain.java:193)
	at org.apache.catalina.core.ApplicationFilterChain.doFilter(ApplicationFilterChain.java:166)
	at org.apache.catalina.core.StandardWrapperValve.invoke(StandardWrapperValve.java:200)
	at org.apache.catalina.core.StandardContextValve.invoke(StandardContextValve.java:96)
	at org.apache.catalina.authenticator.AuthenticatorBase.invoke(AuthenticatorBase.java:490)
	at org.apache.catalina.core.StandardHostValve.invoke(StandardHostValve.java:139)
	at org.apache.catalina.valves.ErrorReportValve.invoke(ErrorReportValve.java:92)
	at org.apache.catalina.core.StandardEngineValve.invoke(StandardEngineValve.java:74)
	at org.apache.catalina.connector.CoyoteAdapter.service(CoyoteAdapter.java:343)
	at org.apache.coyote.http11.Http11Processor.service(Http11Processor.java:408)
	at org.apache.coyote.AbstractProcessorLight.process(AbstractProcessorLight.java:66)
	at org.apache.coyote.AbstractProtocol$ConnectionHandler.process(AbstractProtocol.java:834)
	at org.apache.tomcat.util.net.NioEndpoint$SocketProcessor.doRun(NioEndpoint.java:1415)
	at org.apache.tomcat.util.net.SocketProcessorBase.run(SocketProcessorBase.java:49)
	at java.util.concurrent.ThreadPoolExecutor.runWorker(ThreadPoolExecutor.java:1142)
	at java.util.concurrent.ThreadPoolExecutor$Worker.run(ThreadPoolExecutor.java:617)
	at org.apache.tomcat.util.threads.TaskThread$WrappingRunnable.run(TaskThread.java:61)
	at java.lang.Thread.run(Thread.java:748)
[32mdefault-[0;39m [31m2020-07-21 16:25:37[0;39m [32m[http-nio-8080-exec-2][0;39m [39mDEBUG[0;39m [1;35m  at org.apache.ibatis.logging.jdbc.BaseJdbcLogger.debug(BaseJdbcLogger.java:143)[0;39m- [1;30m==>  Preparing: INSERT INTO sys_log ( id, create_by, create_time, ip, log_content, log_type ) VALUES ( ?, ?, ?, ?, ?, ? ) 
[0;39m[32mdefault-[0;39m [31m2020-07-21 16:25:37[0;39m [32m[http-nio-8080-exec-2][0;39m [39mDEBUG[0;39m [1;35m  at org.apache.ibatis.logging.jdbc.BaseJdbcLogger.debug(BaseJdbcLogger.java:143)[0;39m- [1;30m==> Parameters: 1285491106883825665(String), jeecg(String), 2020-07-21 16:25:37.298(Timestamp), 127.0.0.1(String), 用户名: 汪玲梅,退出成功！(String), 1(Integer)
[0;39m[32mdefault-[0;39m [31m2020-07-21 16:25:37[0;39m [32m[http-nio-8080-exec-2][0;39m [39mDEBUG[0;39m [1;35m  at org.apache.ibatis.logging.jdbc.BaseJdbcLogger.debug(BaseJdbcLogger.java:143)[0;39m- [1;30m<==    Updates: 1
[0;39m[32mdefault-[0;39m [31m2020-07-21 16:25:37[0;39m [32m[http-nio-8080-exec-2][0;39m [34mINFO [0;39m [1;35m  at org.jeecg.modules.system.controller.LoginController.logout(LoginController.java:134)[0;39m- [1;30m 用户名:  汪玲梅,退出成功！ 
[0;39m[32mdefault-[0;39m [31m2020-07-21 16:26:18[0;39m [32m[http-nio-8080-exec-8][0;39m [39mDEBUG[0;39m [1;35m  at org.apache.ibatis.logging.jdbc.BaseJdbcLogger.debug(BaseJdbcLogger.java:143)[0;39m- [1;30m==>  Preparing: select * from sys_user where username = ? and del_flag = '0' 
[0;39m[32mdefault-[0;39m [31m2020-07-21 16:26:18[0;39m [32m[http-nio-8080-exec-8][0;39m [39mDEBUG[0;39m [1;35m  at org.apache.ibatis.logging.jdbc.BaseJdbcLogger.debug(BaseJdbcLogger.java:143)[0;39m- [1;30m==> Parameters: 13576976968(String)
[0;39m[32mdefault-[0;39m [31m2020-07-21 16:26:18[0;39m [32m[http-nio-8080-exec-8][0;39m [39mDEBUG[0;39m [1;35m  at org.apache.ibatis.logging.jdbc.BaseJdbcLogger.debug(BaseJdbcLogger.java:143)[0;39m- [1;30m<==      Total: 1
[0;39m[32mdefault-[0;39m [31m2020-07-21 16:26:18[0;39m [32m[http-nio-8080-exec-8][0;39m [39mDEBUG[0;39m [1;35m  at org.apache.ibatis.logging.jdbc.BaseJdbcLogger.debug(BaseJdbcLogger.java:143)[0;39m- [1;30m==>  Preparing: select * from sys_depart where id IN ( select dep_id from sys_user_depart where user_id = ? ) 
[0;39m[32mdefault-[0;39m [31m2020-07-21 16:26:18[0;39m [32m[http-nio-8080-exec-8][0;39m [39mDEBUG[0;39m [1;35m  at org.apache.ibatis.logging.jdbc.BaseJdbcLogger.debug(BaseJdbcLogger.java:143)[0;39m- [1;30m==> Parameters: 1240310985714421761(String)
[0;39m[32mdefault-[0;39m [31m2020-07-21 16:26:18[0;39m [32m[http-nio-8080-exec-8][0;39m [39mDEBUG[0;39m [1;35m  at org.apache.ibatis.logging.jdbc.BaseJdbcLogger.debug(BaseJdbcLogger.java:143)[0;39m- [1;30m<==      Total: 0
[0;39m[32mdefault-[0;39m [31m2020-07-21 16:26:18[0;39m [32m[http-nio-8080-exec-8][0;39m [39mDEBUG[0;39m [1;35m  at org.apache.ibatis.logging.jdbc.BaseJdbcLogger.debug(BaseJdbcLogger.java:143)[0;39m- [1;30m==>  Preparing: INSERT INTO sys_log ( id, create_by, create_time, ip, log_content, log_type ) VALUES ( ?, ?, ?, ?, ?, ? ) 
[0;39m[32mdefault-[0;39m [31m2020-07-21 16:26:18[0;39m [32m[http-nio-8080-exec-8][0;39m [39mDEBUG[0;39m [1;35m  at org.apache.ibatis.logging.jdbc.BaseJdbcLogger.debug(BaseJdbcLogger.java:143)[0;39m- [1;30m==> Parameters: 1285491275763281921(String), jeecg(String), 2020-07-21 16:26:18.07(Timestamp), 127.0.0.1(String), 用户名: 13576976968,登录成功！(String), 1(Integer)
[0;39m[32mdefault-[0;39m [31m2020-07-21 16:26:18[0;39m [32m[http-nio-8080-exec-8][0;39m [39mDEBUG[0;39m [1;35m  at org.apache.ibatis.logging.jdbc.BaseJdbcLogger.debug(BaseJdbcLogger.java:143)[0;39m- [1;30m<==    Updates: 1
[0;39m[32mdefault-[0;39m [31m2020-07-21 16:26:18[0;39m [32m[http-nio-8080-exec-9][0;39m [34mINFO [0;39m [1;35m  at org.jeecg.modules.shiro.authc.ShiroRealm.doGetAuthenticationInfo(ShiroRealm.java:96)[0;39m- [1;30m————————验证身份——————————IP地址:  127.0.0.1
[0;39m[32mdefault-[0;39m [31m2020-07-21 16:26:18[0;39m [32m[http-nio-8080-exec-9][0;39m [34mINFO [0;39m [1;35m  at org.jeecg.modules.shiro.authc.ShiroRealm.checkUserTokenIsEffect(ShiroRealm.java:119)[0;39m- [1;30m———校验token是否有效————checkUserTokenIsEffect——————— eyJ0eXAiOiJKV1QiLCJhbGciOiJIUzI1NiJ9.eyJleHAiOjE1OTUzMjUzNzgsInVzZXJuYW1lIjoiMTM1NzY5NzY5NjgifQ.ZcDyySl1Ck8_u2EnR7IdYr77kFNog9i-6O_y66i5x28
[0;39m[32mdefault-[0;39m [31m2020-07-21 16:26:18[0;39m [32m[http-nio-8080-exec-9][0;39m [34mINFO [0;39m [1;35m  at org.jeecg.modules.system.controller.SysPermissionController.getUserPermissionByToken(SysPermissionController.java:182)[0;39m- [1;30m ------ 通过令牌获取用户拥有的访问菜单 ---- TOKEN ------ eyJ0eXAiOiJKV1QiLCJhbGciOiJIUzI1NiJ9.eyJleHAiOjE1OTUzMjUzNzgsInVzZXJuYW1lIjoiMTM1NzY5NzY5NjgifQ.ZcDyySl1Ck8_u2EnR7IdYr77kFNog9i-6O_y66i5x28
[0;39m[32mdefault-[0;39m [31m2020-07-21 16:26:18[0;39m [32m[http-nio-8080-exec-9][0;39m [39mDEBUG[0;39m [1;35m  at org.apache.ibatis.logging.jdbc.BaseJdbcLogger.debug(BaseJdbcLogger.java:143)[0;39m- [1;30m==>  Preparing: SELECT p.* FROM sys_permission p WHERE exists( select a.id from sys_role_permission a join sys_role b on a.role_id = b.id join sys_user_role c on c.role_id = b.id join sys_user d on d.id = c.user_id where p.id = a.permission_id AND d.username = ? ) and p.del_flag = 0 order by p.sort_no ASC 
[0;39m[32mdefault-[0;39m [31m2020-07-21 16:26:18[0;39m [32m[http-nio-8080-exec-9][0;39m [39mDEBUG[0;39m [1;35m  at org.apache.ibatis.logging.jdbc.BaseJdbcLogger.debug(BaseJdbcLogger.java:143)[0;39m- [1;30m==> Parameters: 13576976968(String)
[0;39m[32mdefault-[0;39m [31m2020-07-21 16:26:18[0;39m [32m[http-nio-8080-exec-9][0;39m [39mDEBUG[0;39m [1;35m  at org.apache.ibatis.logging.jdbc.BaseJdbcLogger.debug(BaseJdbcLogger.java:143)[0;39m- [1;30m<==      Total: 24
[0;39m[32mdefault-[0;39m [31m2020-07-21 16:26:18[0;39m [32m[http-nio-8080-exec-9][0;39m [39mDEBUG[0;39m [1;35m  at org.apache.ibatis.logging.jdbc.BaseJdbcLogger.debug(BaseJdbcLogger.java:143)[0;39m- [1;30m==>  Preparing: SELECT id,parent_id,name,perms,perms_type,icon,component,component_name,url,redirect,sort_no,menu_type,is_leaf AS leaf,is_route AS route,keep_alive,description,create_by,del_flag,rule_flag,hidden,create_time,update_by,update_time,status,always_show,internal_or_external FROM sys_permission WHERE del_flag = ? AND menu_type = ? 
[0;39m[32mdefault-[0;39m [31m2020-07-21 16:26:18[0;39m [32m[http-nio-8080-exec-9][0;39m [39mDEBUG[0;39m [1;35m  at org.apache.ibatis.logging.jdbc.BaseJdbcLogger.debug(BaseJdbcLogger.java:143)[0;39m- [1;30m==> Parameters: 0(Integer), 2(Integer)
[0;39m[32mdefault-[0;39m [31m2020-07-21 16:26:18[0;39m [32m[http-nio-8080-exec-9][0;39m [39mDEBUG[0;39m [1;35m  at org.apache.ibatis.logging.jdbc.BaseJdbcLogger.debug(BaseJdbcLogger.java:143)[0;39m- [1;30m<==      Total: 5
[0;39m[32mdefault-[0;39m [31m2020-07-21 16:26:19[0;39m [32m[http-nio-8080-exec-10][0;39m [1;31mERROR[0;39m [1;35m  at org.jeecg.common.system.controller.CommonController.view(CommonController.java:119)[0;39m- [1;30m预览图片失败.\upFiles\null (系统找不到指定的路径。)
[0;39m[32mdefault-[0;39m [31m2020-07-21 16:26:19[0;39m [32m[http-nio-8080-exec-1][0;39m [34mINFO [0;39m [1;35m  at org.jeecg.modules.edusport.controller.GraphReportController.getCoachTotalData(GraphReportController.java:59)[0;39m- [1;30mgetCoachTotalData: 
[0;39m[32mdefault-[0;39m [31m2020-07-21 16:26:19[0;39m [32m[http-nio-8080-exec-2][0;39m [34mINFO [0;39m [1;35m  at org.jeecg.modules.edusport.controller.GraphReportController.getAthleteTotalData(GraphReportController.java:43)[0;39m- [1;30mgetAthleteTotalData: 
[0;39m[32mdefault-[0;39m [31m2020-07-21 16:26:19[0;39m [32m[http-nio-8080-exec-3][0;39m [34mINFO [0;39m [1;35m  at org.jeecg.modules.edusport.controller.GraphReportController.getAthleteTechGradeGroupData(GraphReportController.java:82)[0;39m- [1;30mgetAthleteTechGradeGroupData: 
[0;39m[32mdefault-[0;39m [31m2020-07-21 16:28:28[0;39m [32m[http-nio-8080-exec-5][0;39m [34mINFO [0;39m [1;35m  at org.jeecg.modules.shiro.authc.ShiroRealm.doGetAuthenticationInfo(ShiroRealm.java:96)[0;39m- [1;30m————————验证身份——————————IP地址:  127.0.0.1
[0;39m[32mdefault-[0;39m [31m2020-07-21 16:28:28[0;39m [32m[http-nio-8080-exec-5][0;39m [34mINFO [0;39m [1;35m  at org.jeecg.modules.shiro.authc.ShiroRealm.checkUserTokenIsEffect(ShiroRealm.java:119)[0;39m- [1;30m———校验token是否有效————checkUserTokenIsEffect——————— eyJ0eXAiOiJKV1QiLCJhbGciOiJIUzI1NiJ9.eyJleHAiOjE1OTUzMjUzNzgsInVzZXJuYW1lIjoiMTM1NzY5NzY5NjgifQ.ZcDyySl1Ck8_u2EnR7IdYr77kFNog9i-6O_y66i5x28
[0;39m[32mdefault-[0;39m [31m2020-07-21 16:28:28[0;39m [32m[http-nio-8080-exec-5][0;39m [34mINFO [0;39m [1;35m  at org.jeecg.modules.system.controller.SysDictController.getDictItems(SysDictController.java:130)[0;39m- [1;30m dictCode : enable_status
[0;39m[32mdefault-[0;39m [31m2020-07-21 16:28:28[0;39m [32m[http-nio-8080-exec-6][0;39m [39mDEBUG[0;39m [1;35m  at org.apache.ibatis.logging.jdbc.BaseJdbcLogger.debug(BaseJdbcLogger.java:143)[0;39m- [1;30m==>  Preparing: select * from sys_user where username = ? and del_flag = '0' 
[0;39m[32mdefault-[0;39m [31m2020-07-21 16:28:28[0;39m [32m[http-nio-8080-exec-6][0;39m [39mDEBUG[0;39m [1;35m  at org.apache.ibatis.logging.jdbc.BaseJdbcLogger.debug(BaseJdbcLogger.java:143)[0;39m- [1;30m==> Parameters: 13576976968(String)
[0;39m[32mdefault-[0;39m [31m2020-07-21 16:28:28[0;39m [32m[http-nio-8080-exec-6][0;39m [39mDEBUG[0;39m [1;35m  at org.apache.ibatis.logging.jdbc.BaseJdbcLogger.debug(BaseJdbcLogger.java:143)[0;39m- [1;30m<==      Total: 1
[0;39m[32mdefault-[0;39m [31m2020-07-21 16:28:28[0;39m [32m[http-nio-8080-exec-6][0;39m [39mDEBUG[0;39m [1;35m  at org.apache.ibatis.logging.jdbc.BaseJdbcLogger.debug(BaseJdbcLogger.java:143)[0;39m- [1;30m==>  Preparing: select role_code from sys_role where id in (select role_id from sys_user_role where user_id = (select id from sys_user where username=?)) 
[0;39m[32mdefault-[0;39m [31m2020-07-21 16:28:28[0;39m [32m[http-nio-8080-exec-5][0;39m [34mINFO [0;39m [1;35m  at org.jeecg.modules.system.service.impl.SysDictServiceImpl.queryDictItemsByCode(SysDictServiceImpl.java:51)[0;39m- [1;30m无缓存dictCache的时候调用这里！
[0;39m[32mdefault-[0;39m [31m2020-07-21 16:28:28[0;39m [32m[http-nio-8080-exec-6][0;39m [39mDEBUG[0;39m [1;35m  at org.apache.ibatis.logging.jdbc.BaseJdbcLogger.debug(BaseJdbcLogger.java:143)[0;39m- [1;30m==> Parameters: 13576976968(String)
[0;39m[32mdefault-[0;39m [31m2020-07-21 16:28:28[0;39m [32m[http-nio-8080-exec-5][0;39m [39mDEBUG[0;39m [1;35m  at org.apache.ibatis.logging.jdbc.BaseJdbcLogger.debug(BaseJdbcLogger.java:143)[0;39m- [1;30m==>  Preparing: select s.item_value as "value",s.item_text as "text" from sys_dict_item s where dict_id = (select id from sys_dict where dict_code = ?) order by s.sort_order asc 
[0;39m[32mdefault-[0;39m [31m2020-07-21 16:28:28[0;39m [32m[http-nio-8080-exec-5][0;39m [39mDEBUG[0;39m [1;35m  at org.apache.ibatis.logging.jdbc.BaseJdbcLogger.debug(BaseJdbcLogger.java:143)[0;39m- [1;30m==> Parameters: enable_status(String)
[0;39m[32mdefault-[0;39m [31m2020-07-21 16:28:28[0;39m [32m[http-nio-8080-exec-6][0;39m [39mDEBUG[0;39m [1;35m  at org.apache.ibatis.logging.jdbc.BaseJdbcLogger.debug(BaseJdbcLogger.java:143)[0;39m- [1;30m<==      Total: 1
[0;39m[32mdefault-[0;39m [31m2020-07-21 16:28:28[0;39m [32m[http-nio-8080-exec-5][0;39m [39mDEBUG[0;39m [1;35m  at org.apache.ibatis.logging.jdbc.BaseJdbcLogger.debug(BaseJdbcLogger.java:143)[0;39m- [1;30m<==      Total: 2
[0;39m[32mdefault-[0;39m [31m2020-07-21 16:28:28[0;39m [32m[http-nio-8080-exec-5][0;39m [34mINFO [0;39m [1;35m  at org.jeecg.modules.system.controller.SysDictController.getDictItems(SysDictController.java:216)[0;39m- [1;30mResult(success=true, message=操作成功！, code=0, result=[DictModel(value=1, text=启用), DictModel(value=0, text=禁用)], timestamp=1595320108032)
[0;39m